<html>
<head>
<title>TestNG:  Test</title>
<link href="../testng.css" rel="stylesheet" type="text/css" />
<link href="../my-testng.css" rel="stylesheet" type="text/css" />

<style type="text/css">
.log { display: none;} 
.stack-trace { display: none;} 
</style>
<script type="text/javascript">
<!--
function flip(e) {
  current = e.style.display;
  if (current == 'block') {
    e.style.display = 'none';
    return 0;
  }
  else {
    e.style.display = 'block';
    return 1;
  }
}

function toggleBox(szDivId, elem, msg1, msg2)
{
  var res = -1;  if (document.getElementById) {
    res = flip(document.getElementById(szDivId));
  }
  else if (document.all) {
    // this is the way old msie versions work
    res = flip(document.all[szDivId]);
  }
  if(elem) {
    if(res == 0) elem.innerHTML = msg1; else elem.innerHTML = msg2;
  }

}

function toggleAllBoxes() {
  if (document.getElementsByTagName) {
    d = document.getElementsByTagName('div');
    for (i = 0; i < d.length; i++) {
      if (d[i].className == 'log') {
        flip(d[i]);
      }
    }
  }
}

// -->
</script>

</head>
<body>
<h2 align='center'>Test</h2><table border='1' align="center">
<tr>
<td>Tests passed/Failed/Skipped:</td><td>51/9/0</td>
</tr><tr>
<td>Started on:</td><td>Wed Mar 31 12:34:54 IST 2021</td>
</tr>
<tr><td>Total time:</td><td>3702 seconds (3702978 ms)</td>
</tr><tr>
<td>Included groups:</td><td>messageForwarding settings inlineReply logout Channel guest login meeting conversation </td>
</tr><tr>
<td>Excluded groups:</td><td></td>
</tr>
</table><p/>
<small><i>(Hover the method name to see the test class name)</i></small><p/>
<table width='100%' border='1' class='invocation-failed'>
<tr><td colspan='4' align='center'><b>FAILED TESTS</b></td></tr>
<tr><td><b>Test method</b></td>
<td width="30%"><b>Exception</b></td>
<td width="10%"><b>Time (seconds)</b></td>
<td><b>Instance</b></td>
</tr>
<tr>
<td title='com.infinite.netsfere.automationtool.suits.EndToENdSanity.androidCreateConversationWithANewGuestUser()'><b>androidCreateConversationWithANewGuestUser</b><br>Test class: com.infinite.netsfere.automationtool.suits.EndToENdSanity</td>
<td><div><pre>java.lang.AssertionError: Can&apos;t locate an element by this strategy: By.chained({By.xpath: //android.widget.TextView[@resource-id=&apos;com.infinite.netsfere:id/action_create&apos;]})
	at com.infinite.netsfere.automationtool.modules.android.test.ConversationTestCases.createConversationWithANewGuestUser(ConversationTestCases.java:486)
	at com.infinite.netsfere.automationtool.suits.EndToENdSanity.androidCreateConversationWithANewGuestUser(EndToENdSanity.java:663)
Caused by: org.openqa.selenium.NoSuchElementException: Can&apos;t locate an element by this strategy: By.chained({By.xpath: //android.widget.TextView[@resource-id=&apos;com.infinite.netsfere:id/action_create&apos;]})
	at io.appium.java_client.pagefactory.AppiumElementLocator.findElement(AppiumElementLocator.java:148)
	at io.appium.java_client.pagefactory.interceptors.InterceptorOfASingleElement.intercept(InterceptorOfASingleElement.java:60)
	at io.appium.java_client.android.AndroidElement$$EnhancerByCGLIB$$b598166c.click(&lt;generated&gt;)
	at com.infinite.netsfere.automationtool.modules.android.pages.ConversationDetailsPage.clickOnCreateButton(ConversationDetailsPage.java:86)
	at com.infinite.netsfere.automationtool.modules.android.test.ConversationTestCases.createConversationWithANewGuestUser(ConversationTestCases.java:483)
	... 26 more
Caused by: org.openqa.selenium.TimeoutException: Expected condition failed: waiting for io.appium.java_client.pagefactory.AppiumElementLocator$WaitingFunction@10b3df93 (tried for 1 second(s) with 500 milliseconds interval)
	at org.openqa.selenium.support.ui.FluentWait.timeoutException(FluentWait.java:303)
	at org.openqa.selenium.support.ui.FluentWait.until(FluentWait.java:271)
	at io.appium.java_client.pagefactory.AppiumElementLocator.waitFor(AppiumElementLocator.java:121)
	at io.appium.java_client.pagefactory.AppiumElementLocator.findElement(AppiumElementLocator.java:141)
	... 30 more
Caused by: org.openqa.selenium.NoSuchElementException: Cannot locate an element using By.chained({By.xpath: //android.widget.TextView[@resource-id=&apos;com.infinite.netsfere:id/action_create&apos;]})
For documentation on this error, please visit: http://seleniumhq.org/exceptions/no_such_element.html
Build info: version: &apos;3.11.0&apos;, revision: &apos;e59cfb3&apos;, time: &apos;2018-03-11T20:26:55.152Z&apos;
System info: host: &apos;CV011020435&apos;, ip: &apos;192.168.43.50&apos;, os.name: &apos;Windows 10&apos;, os.arch: &apos;amd64&apos;, os.version: &apos;10.0&apos;, java.version: &apos;1.8.0_231&apos;
Driver info: driver.version: AndroidDriver
	at io.appium.java_client.pagefactory.bys.builder.ByChained.findElement(ByChained.java:74)
	at org.openqa.selenium.remote.RemoteWebDriver.findElement(RemoteWebDriver.java:311)
	at io.appium.java_client.DefaultGenericMobileDriver.findElement(DefaultGenericMobileDriver.java:58)
	at io.appium.java_client.AppiumDriver.findElement(AppiumDriver.java:1)
	at io.appium.java_client.android.AndroidDriver.findElement(AndroidDriver.java:1)
	at io.appium.java_client.pagefactory.bys.ContentMappedBy.findElement(ContentMappedBy.java:50)
	at org.openqa.selenium.remote.RemoteWebDriver.findElement(RemoteWebDriver.java:311)
	at io.appium.java_client.DefaultGenericMobileDriver.findElement(DefaultGenericMobileDriver.java:58)
	at io.appium.java_client.AppiumDriver.findElement(AppiumDriver.java:1)
	at io.appium.java_client.android.AndroidDriver.findElement(AndroidDriver.java:1)
	at io.appium.java_client.pagefactory.AppiumElementLocator.lambda$0(AppiumElementLocator.java:142)
	at io.appium.java_client.pagefactory.AppiumElementLocator$WaitingFunction.apply(AppiumElementLocator.java:194)
	at io.appium.java_client.pagefactory.AppiumElementLocator$WaitingFunction.apply(AppiumElementLocator.java:1)
	at org.openqa.selenium.support.ui.FluentWait.until(FluentWait.java:248)
	... 32 more
... Removed 26 stack frames</pre></div><a href='#' onClick='toggleBox("stack-trace503144273", this, "Click to show all stack frames", "Click to hide stack frames")'>Click to show all stack frames</a>
<div class='stack-trace' id='stack-trace503144273'><pre>java.lang.AssertionError: Can&apos;t locate an element by this strategy: By.chained({By.xpath: //android.widget.TextView[@resource-id=&apos;com.infinite.netsfere:id/action_create&apos;]})
	at org.testng.Assert.fail(Assert.java:85)
	at com.infinite.netsfere.automationtool.modules.android.test.ConversationTestCases.createConversationWithANewGuestUser(ConversationTestCases.java:486)
	at com.infinite.netsfere.automationtool.suits.EndToENdSanity.androidCreateConversationWithANewGuestUser(EndToENdSanity.java:663)
	at sun.reflect.NativeMethodAccessorImpl.invoke0(Native Method)
	at sun.reflect.NativeMethodAccessorImpl.invoke(Unknown Source)
	at sun.reflect.DelegatingMethodAccessorImpl.invoke(Unknown Source)
	at java.lang.reflect.Method.invoke(Unknown Source)
	at org.testng.internal.MethodInvocationHelper.invokeMethod(MethodInvocationHelper.java:124)
	at org.testng.internal.Invoker.invokeMethod(Invoker.java:580)
	at org.testng.internal.Invoker.invokeTestMethod(Invoker.java:716)
	at org.testng.internal.Invoker.invokeTestMethods(Invoker.java:988)
	at org.testng.internal.TestMethodWorker.invokeTestMethods(TestMethodWorker.java:125)
	at org.testng.internal.TestMethodWorker.run(TestMethodWorker.java:109)
	at org.testng.TestRunner.privateRun(TestRunner.java:648)
	at org.testng.TestRunner.run(TestRunner.java:505)
	at org.testng.SuiteRunner.runTest(SuiteRunner.java:455)
	at org.testng.SuiteRunner.runSequentially(SuiteRunner.java:450)
	at org.testng.SuiteRunner.privateRun(SuiteRunner.java:415)
	at org.testng.SuiteRunner.run(SuiteRunner.java:364)
	at org.testng.SuiteRunnerWorker.runSuite(SuiteRunnerWorker.java:52)
	at org.testng.SuiteRunnerWorker.run(SuiteRunnerWorker.java:84)
	at org.testng.TestNG.runSuitesSequentially(TestNG.java:1208)
	at org.testng.TestNG.runSuitesLocally(TestNG.java:1137)
	at org.testng.TestNG.runSuites(TestNG.java:1049)
	at org.testng.TestNG.run(TestNG.java:1017)
	at org.testng.remote.AbstractRemoteTestNG.run(AbstractRemoteTestNG.java:115)
	at org.testng.remote.RemoteTestNG.initAndRun(RemoteTestNG.java:251)
	at org.testng.remote.RemoteTestNG.main(RemoteTestNG.java:77)
Caused by: org.openqa.selenium.NoSuchElementException: Can&apos;t locate an element by this strategy: By.chained({By.xpath: //android.widget.TextView[@resource-id=&apos;com.infinite.netsfere:id/action_create&apos;]})
	at io.appium.java_client.pagefactory.AppiumElementLocator.findElement(AppiumElementLocator.java:148)
	at io.appium.java_client.pagefactory.interceptors.InterceptorOfASingleElement.intercept(InterceptorOfASingleElement.java:60)
	at io.appium.java_client.android.AndroidElement$$EnhancerByCGLIB$$b598166c.click(&lt;generated&gt;)
	at com.infinite.netsfere.automationtool.modules.android.pages.ConversationDetailsPage.clickOnCreateButton(ConversationDetailsPage.java:86)
	at com.infinite.netsfere.automationtool.modules.android.test.ConversationTestCases.createConversationWithANewGuestUser(ConversationTestCases.java:483)
	... 26 more
Caused by: org.openqa.selenium.TimeoutException: Expected condition failed: waiting for io.appium.java_client.pagefactory.AppiumElementLocator$WaitingFunction@10b3df93 (tried for 1 second(s) with 500 milliseconds interval)
	at org.openqa.selenium.support.ui.FluentWait.timeoutException(FluentWait.java:303)
	at org.openqa.selenium.support.ui.FluentWait.until(FluentWait.java:271)
	at io.appium.java_client.pagefactory.AppiumElementLocator.waitFor(AppiumElementLocator.java:121)
	at io.appium.java_client.pagefactory.AppiumElementLocator.findElement(AppiumElementLocator.java:141)
	... 30 more
Caused by: org.openqa.selenium.NoSuchElementException: Cannot locate an element using By.chained({By.xpath: //android.widget.TextView[@resource-id=&apos;com.infinite.netsfere:id/action_create&apos;]})
For documentation on this error, please visit: http://seleniumhq.org/exceptions/no_such_element.html
Build info: version: &apos;3.11.0&apos;, revision: &apos;e59cfb3&apos;, time: &apos;2018-03-11T20:26:55.152Z&apos;
System info: host: &apos;CV011020435&apos;, ip: &apos;192.168.43.50&apos;, os.name: &apos;Windows 10&apos;, os.arch: &apos;amd64&apos;, os.version: &apos;10.0&apos;, java.version: &apos;1.8.0_231&apos;
Driver info: driver.version: AndroidDriver
	at io.appium.java_client.pagefactory.bys.builder.ByChained.findElement(ByChained.java:74)
	at org.openqa.selenium.remote.RemoteWebDriver.findElement(RemoteWebDriver.java:311)
	at io.appium.java_client.DefaultGenericMobileDriver.findElement(DefaultGenericMobileDriver.java:58)
	at io.appium.java_client.AppiumDriver.findElement(AppiumDriver.java:1)
	at io.appium.java_client.android.AndroidDriver.findElement(AndroidDriver.java:1)
	at io.appium.java_client.pagefactory.bys.ContentMappedBy.findElement(ContentMappedBy.java:50)
	at org.openqa.selenium.remote.RemoteWebDriver.findElement(RemoteWebDriver.java:311)
	at io.appium.java_client.DefaultGenericMobileDriver.findElement(DefaultGenericMobileDriver.java:58)
	at io.appium.java_client.AppiumDriver.findElement(AppiumDriver.java:1)
	at io.appium.java_client.android.AndroidDriver.findElement(AndroidDriver.java:1)
	at io.appium.java_client.pagefactory.AppiumElementLocator.lambda$0(AppiumElementLocator.java:142)
	at io.appium.java_client.pagefactory.AppiumElementLocator$WaitingFunction.apply(AppiumElementLocator.java:194)
	at io.appium.java_client.pagefactory.AppiumElementLocator$WaitingFunction.apply(AppiumElementLocator.java:1)
	at org.openqa.selenium.support.ui.FluentWait.until(FluentWait.java:248)
	... 32 more
</pre></div></td>
<td>28</td>
<td>com.infinite.netsfere.automationtool.suits.EndToENdSanity@67b92f0a</td></tr>
<tr>
<td title='com.infinite.netsfere.automationtool.suits.EndToENdSanity.androidExportFirstConversation()'><b>androidExportFirstConversation</b><br>Test class: com.infinite.netsfere.automationtool.suits.EndToENdSanity</td>
<td><div><pre>org.openqa.selenium.NoSuchElementException: Can&apos;t locate an element by this strategy: By.chained({By.xpath: //android.widget.EditText[@resource-id=&apos;com.infinite.netsfere:id/message_editText&apos;]})
	at io.appium.java_client.pagefactory.AppiumElementLocator.findElement(AppiumElementLocator.java:148)
	at io.appium.java_client.pagefactory.interceptors.InterceptorOfASingleElement.intercept(InterceptorOfASingleElement.java:60)
	at io.appium.java_client.android.AndroidElement$$EnhancerByCGLIB$$b598166c.sendKeys(&lt;generated&gt;)
	at com.infinite.netsfere.automationtool.modules.android.pages.ExportConversationPage.exportEmailConversation(ExportConversationPage.java:62)
	at com.infinite.netsfere.automationtool.modules.android.test.ConversationTestCases.exportFirstConversation(ConversationTestCases.java:285)
	at com.infinite.netsfere.automationtool.suits.EndToENdSanity.androidExportFirstConversation(EndToENdSanity.java:446)
Caused by: org.openqa.selenium.TimeoutException: Expected condition failed: waiting for io.appium.java_client.pagefactory.AppiumElementLocator$WaitingFunction@60bdf15d (tried for 1 second(s) with 500 milliseconds interval)
	at org.openqa.selenium.support.ui.FluentWait.timeoutException(FluentWait.java:303)
	at org.openqa.selenium.support.ui.FluentWait.until(FluentWait.java:271)
	at io.appium.java_client.pagefactory.AppiumElementLocator.waitFor(AppiumElementLocator.java:121)
	at io.appium.java_client.pagefactory.AppiumElementLocator.findElement(AppiumElementLocator.java:141)
	... 30 more
Caused by: org.openqa.selenium.NoSuchElementException: Cannot locate an element using By.chained({By.xpath: //android.widget.EditText[@resource-id=&apos;com.infinite.netsfere:id/message_editText&apos;]})
For documentation on this error, please visit: http://seleniumhq.org/exceptions/no_such_element.html
Build info: version: &apos;3.11.0&apos;, revision: &apos;e59cfb3&apos;, time: &apos;2018-03-11T20:26:55.152Z&apos;
System info: host: &apos;CV011020435&apos;, ip: &apos;192.168.43.50&apos;, os.name: &apos;Windows 10&apos;, os.arch: &apos;amd64&apos;, os.version: &apos;10.0&apos;, java.version: &apos;1.8.0_231&apos;
Driver info: driver.version: AndroidDriver
	at io.appium.java_client.pagefactory.bys.builder.ByChained.findElement(ByChained.java:74)
	at org.openqa.selenium.remote.RemoteWebDriver.findElement(RemoteWebDriver.java:311)
	at io.appium.java_client.DefaultGenericMobileDriver.findElement(DefaultGenericMobileDriver.java:58)
	at io.appium.java_client.AppiumDriver.findElement(AppiumDriver.java:1)
	at io.appium.java_client.android.AndroidDriver.findElement(AndroidDriver.java:1)
	at io.appium.java_client.pagefactory.bys.ContentMappedBy.findElement(ContentMappedBy.java:50)
	at org.openqa.selenium.remote.RemoteWebDriver.findElement(RemoteWebDriver.java:311)
	at io.appium.java_client.DefaultGenericMobileDriver.findElement(DefaultGenericMobileDriver.java:58)
	at io.appium.java_client.AppiumDriver.findElement(AppiumDriver.java:1)
	at io.appium.java_client.android.AndroidDriver.findElement(AndroidDriver.java:1)
	at io.appium.java_client.pagefactory.AppiumElementLocator.lambda$0(AppiumElementLocator.java:142)
	at io.appium.java_client.pagefactory.AppiumElementLocator$WaitingFunction.apply(AppiumElementLocator.java:194)
	at io.appium.java_client.pagefactory.AppiumElementLocator$WaitingFunction.apply(AppiumElementLocator.java:1)
	at org.openqa.selenium.support.ui.FluentWait.until(FluentWait.java:248)
	... 32 more
... Removed 25 stack frames</pre></div><a href='#' onClick='toggleBox("stack-trace1230013344", this, "Click to show all stack frames", "Click to hide stack frames")'>Click to show all stack frames</a>
<div class='stack-trace' id='stack-trace1230013344'><pre>org.openqa.selenium.NoSuchElementException: Can&apos;t locate an element by this strategy: By.chained({By.xpath: //android.widget.EditText[@resource-id=&apos;com.infinite.netsfere:id/message_editText&apos;]})
	at io.appium.java_client.pagefactory.AppiumElementLocator.findElement(AppiumElementLocator.java:148)
	at io.appium.java_client.pagefactory.interceptors.InterceptorOfASingleElement.intercept(InterceptorOfASingleElement.java:60)
	at io.appium.java_client.android.AndroidElement$$EnhancerByCGLIB$$b598166c.sendKeys(&lt;generated&gt;)
	at com.infinite.netsfere.automationtool.modules.android.pages.ExportConversationPage.exportEmailConversation(ExportConversationPage.java:62)
	at com.infinite.netsfere.automationtool.modules.android.test.ConversationTestCases.exportFirstConversation(ConversationTestCases.java:285)
	at com.infinite.netsfere.automationtool.suits.EndToENdSanity.androidExportFirstConversation(EndToENdSanity.java:446)
	at sun.reflect.NativeMethodAccessorImpl.invoke0(Native Method)
	at sun.reflect.NativeMethodAccessorImpl.invoke(Unknown Source)
	at sun.reflect.DelegatingMethodAccessorImpl.invoke(Unknown Source)
	at java.lang.reflect.Method.invoke(Unknown Source)
	at org.testng.internal.MethodInvocationHelper.invokeMethod(MethodInvocationHelper.java:124)
	at org.testng.internal.Invoker.invokeMethod(Invoker.java:580)
	at org.testng.internal.Invoker.invokeTestMethod(Invoker.java:716)
	at org.testng.internal.Invoker.invokeTestMethods(Invoker.java:988)
	at org.testng.internal.TestMethodWorker.invokeTestMethods(TestMethodWorker.java:125)
	at org.testng.internal.TestMethodWorker.run(TestMethodWorker.java:109)
	at org.testng.TestRunner.privateRun(TestRunner.java:648)
	at org.testng.TestRunner.run(TestRunner.java:505)
	at org.testng.SuiteRunner.runTest(SuiteRunner.java:455)
	at org.testng.SuiteRunner.runSequentially(SuiteRunner.java:450)
	at org.testng.SuiteRunner.privateRun(SuiteRunner.java:415)
	at org.testng.SuiteRunner.run(SuiteRunner.java:364)
	at org.testng.SuiteRunnerWorker.runSuite(SuiteRunnerWorker.java:52)
	at org.testng.SuiteRunnerWorker.run(SuiteRunnerWorker.java:84)
	at org.testng.TestNG.runSuitesSequentially(TestNG.java:1208)
	at org.testng.TestNG.runSuitesLocally(TestNG.java:1137)
	at org.testng.TestNG.runSuites(TestNG.java:1049)
	at org.testng.TestNG.run(TestNG.java:1017)
	at org.testng.remote.AbstractRemoteTestNG.run(AbstractRemoteTestNG.java:115)
	at org.testng.remote.RemoteTestNG.initAndRun(RemoteTestNG.java:251)
	at org.testng.remote.RemoteTestNG.main(RemoteTestNG.java:77)
Caused by: org.openqa.selenium.TimeoutException: Expected condition failed: waiting for io.appium.java_client.pagefactory.AppiumElementLocator$WaitingFunction@60bdf15d (tried for 1 second(s) with 500 milliseconds interval)
	at org.openqa.selenium.support.ui.FluentWait.timeoutException(FluentWait.java:303)
	at org.openqa.selenium.support.ui.FluentWait.until(FluentWait.java:271)
	at io.appium.java_client.pagefactory.AppiumElementLocator.waitFor(AppiumElementLocator.java:121)
	at io.appium.java_client.pagefactory.AppiumElementLocator.findElement(AppiumElementLocator.java:141)
	... 30 more
Caused by: org.openqa.selenium.NoSuchElementException: Cannot locate an element using By.chained({By.xpath: //android.widget.EditText[@resource-id=&apos;com.infinite.netsfere:id/message_editText&apos;]})
For documentation on this error, please visit: http://seleniumhq.org/exceptions/no_such_element.html
Build info: version: &apos;3.11.0&apos;, revision: &apos;e59cfb3&apos;, time: &apos;2018-03-11T20:26:55.152Z&apos;
System info: host: &apos;CV011020435&apos;, ip: &apos;192.168.43.50&apos;, os.name: &apos;Windows 10&apos;, os.arch: &apos;amd64&apos;, os.version: &apos;10.0&apos;, java.version: &apos;1.8.0_231&apos;
Driver info: driver.version: AndroidDriver
	at io.appium.java_client.pagefactory.bys.builder.ByChained.findElement(ByChained.java:74)
	at org.openqa.selenium.remote.RemoteWebDriver.findElement(RemoteWebDriver.java:311)
	at io.appium.java_client.DefaultGenericMobileDriver.findElement(DefaultGenericMobileDriver.java:58)
	at io.appium.java_client.AppiumDriver.findElement(AppiumDriver.java:1)
	at io.appium.java_client.android.AndroidDriver.findElement(AndroidDriver.java:1)
	at io.appium.java_client.pagefactory.bys.ContentMappedBy.findElement(ContentMappedBy.java:50)
	at org.openqa.selenium.remote.RemoteWebDriver.findElement(RemoteWebDriver.java:311)
	at io.appium.java_client.DefaultGenericMobileDriver.findElement(DefaultGenericMobileDriver.java:58)
	at io.appium.java_client.AppiumDriver.findElement(AppiumDriver.java:1)
	at io.appium.java_client.android.AndroidDriver.findElement(AndroidDriver.java:1)
	at io.appium.java_client.pagefactory.AppiumElementLocator.lambda$0(AppiumElementLocator.java:142)
	at io.appium.java_client.pagefactory.AppiumElementLocator$WaitingFunction.apply(AppiumElementLocator.java:194)
	at io.appium.java_client.pagefactory.AppiumElementLocator$WaitingFunction.apply(AppiumElementLocator.java:1)
	at org.openqa.selenium.support.ui.FluentWait.until(FluentWait.java:248)
	... 32 more
</pre></div></td>
<td>65</td>
<td>com.infinite.netsfere.automationtool.suits.EndToENdSanity@67b92f0a</td></tr>
<tr>
<td title='com.infinite.netsfere.automationtool.suits.EndToENdSanity.androidForwardAttachment()'><b>androidForwardAttachment</b><br>Test class: com.infinite.netsfere.automationtool.suits.EndToENdSanity</td>
<td><div><pre>org.openqa.selenium.TimeoutException: Expected condition failed: waiting for visibility of Located by By.chained({By.xpath: //android.view.View[@text=&apos;Log in to grant access to Box&apos;]}) (tried for 130 second(s) with 500 milliseconds interval)
	at org.openqa.selenium.support.ui.WebDriverWait.timeoutException(WebDriverWait.java:81)
	at org.openqa.selenium.support.ui.FluentWait.until(FluentWait.java:271)
	at com.infinite.netsfere.automationtool.modules.android.test.ConversationTestCases.sendAttachmentFromBox(ConversationTestCases.java:889)
	at com.infinite.netsfere.automationtool.suits.EndToENdSanity.androidForwardAttachment(EndToENdSanity.java:1577)
Caused by: org.openqa.selenium.NoSuchElementException: Can&apos;t locate an element by this strategy: By.chained({By.xpath: //android.view.View[@text=&apos;Log in to grant access to Box&apos;]})
	at io.appium.java_client.pagefactory.AppiumElementLocator.findElement(AppiumElementLocator.java:148)
	at io.appium.java_client.pagefactory.interceptors.InterceptorOfASingleElement.intercept(InterceptorOfASingleElement.java:60)
	at io.appium.java_client.android.AndroidElement$$EnhancerByCGLIB$$b598166c.isDisplayed(&lt;generated&gt;)
	at org.openqa.selenium.support.ui.ExpectedConditions.elementIfVisible(ExpectedConditions.java:315)
	at org.openqa.selenium.support.ui.ExpectedConditions.access$100(ExpectedConditions.java:44)
	at org.openqa.selenium.support.ui.ExpectedConditions$10.apply(ExpectedConditions.java:301)
	at org.openqa.selenium.support.ui.ExpectedConditions$10.apply(ExpectedConditions.java:298)
	at org.openqa.selenium.support.ui.FluentWait.until(FluentWait.java:248)
	... 27 more
Caused by: org.openqa.selenium.TimeoutException: Expected condition failed: waiting for io.appium.java_client.pagefactory.AppiumElementLocator$WaitingFunction@d71adc2 (tried for 1 second(s) with 500 milliseconds interval)
	at org.openqa.selenium.support.ui.FluentWait.timeoutException(FluentWait.java:303)
	at org.openqa.selenium.support.ui.FluentWait.until(FluentWait.java:271)
	at io.appium.java_client.pagefactory.AppiumElementLocator.waitFor(AppiumElementLocator.java:121)
	at io.appium.java_client.pagefactory.AppiumElementLocator.findElement(AppiumElementLocator.java:141)
	... 34 more
Caused by: org.openqa.selenium.NoSuchElementException: Cannot locate an element using By.chained({By.xpath: //android.view.View[@text=&apos;Log in to grant access to Box&apos;]})
For documentation on this error, please visit: http://seleniumhq.org/exceptions/no_such_element.html
Build info: version: &apos;3.11.0&apos;, revision: &apos;e59cfb3&apos;, time: &apos;2018-03-11T20:26:55.152Z&apos;
System info: host: &apos;CV011020435&apos;, ip: &apos;192.168.43.50&apos;, os.name: &apos;Windows 10&apos;, os.arch: &apos;amd64&apos;, os.version: &apos;10.0&apos;, java.version: &apos;1.8.0_231&apos;
Driver info: driver.version: AndroidDriver
	at io.appium.java_client.pagefactory.bys.builder.ByChained.findElement(ByChained.java:74)
	at org.openqa.selenium.remote.RemoteWebDriver.findElement(RemoteWebDriver.java:311)
	at io.appium.java_client.DefaultGenericMobileDriver.findElement(DefaultGenericMobileDriver.java:58)
	at io.appium.java_client.AppiumDriver.findElement(AppiumDriver.java:1)
	at io.appium.java_client.android.AndroidDriver.findElement(AndroidDriver.java:1)
	at io.appium.java_client.pagefactory.bys.ContentMappedBy.findElement(ContentMappedBy.java:50)
	at org.openqa.selenium.remote.RemoteWebDriver.findElement(RemoteWebDriver.java:311)
	at io.appium.java_client.DefaultGenericMobileDriver.findElement(DefaultGenericMobileDriver.java:58)
	at io.appium.java_client.AppiumDriver.findElement(AppiumDriver.java:1)
	at io.appium.java_client.android.AndroidDriver.findElement(AndroidDriver.java:1)
	at io.appium.java_client.pagefactory.AppiumElementLocator.lambda$0(AppiumElementLocator.java:142)
	at io.appium.java_client.pagefactory.AppiumElementLocator$WaitingFunction.apply(AppiumElementLocator.java:194)
	at io.appium.java_client.pagefactory.AppiumElementLocator$WaitingFunction.apply(AppiumElementLocator.java:1)
	at org.openqa.selenium.support.ui.FluentWait.until(FluentWait.java:248)
	... 36 more
... Removed 25 stack frames</pre></div><a href='#' onClick='toggleBox("stack-trace1495407511", this, "Click to show all stack frames", "Click to hide stack frames")'>Click to show all stack frames</a>
<div class='stack-trace' id='stack-trace1495407511'><pre>org.openqa.selenium.TimeoutException: Expected condition failed: waiting for visibility of Located by By.chained({By.xpath: //android.view.View[@text=&apos;Log in to grant access to Box&apos;]}) (tried for 130 second(s) with 500 milliseconds interval)
	at org.openqa.selenium.support.ui.WebDriverWait.timeoutException(WebDriverWait.java:81)
	at org.openqa.selenium.support.ui.FluentWait.until(FluentWait.java:271)
	at com.infinite.netsfere.automationtool.modules.android.test.ConversationTestCases.sendAttachmentFromBox(ConversationTestCases.java:889)
	at com.infinite.netsfere.automationtool.suits.EndToENdSanity.androidForwardAttachment(EndToENdSanity.java:1577)
	at sun.reflect.NativeMethodAccessorImpl.invoke0(Native Method)
	at sun.reflect.NativeMethodAccessorImpl.invoke(Unknown Source)
	at sun.reflect.DelegatingMethodAccessorImpl.invoke(Unknown Source)
	at java.lang.reflect.Method.invoke(Unknown Source)
	at org.testng.internal.MethodInvocationHelper.invokeMethod(MethodInvocationHelper.java:124)
	at org.testng.internal.Invoker.invokeMethod(Invoker.java:580)
	at org.testng.internal.Invoker.invokeTestMethod(Invoker.java:716)
	at org.testng.internal.Invoker.invokeTestMethods(Invoker.java:988)
	at org.testng.internal.TestMethodWorker.invokeTestMethods(TestMethodWorker.java:125)
	at org.testng.internal.TestMethodWorker.run(TestMethodWorker.java:109)
	at org.testng.TestRunner.privateRun(TestRunner.java:648)
	at org.testng.TestRunner.run(TestRunner.java:505)
	at org.testng.SuiteRunner.runTest(SuiteRunner.java:455)
	at org.testng.SuiteRunner.runSequentially(SuiteRunner.java:450)
	at org.testng.SuiteRunner.privateRun(SuiteRunner.java:415)
	at org.testng.SuiteRunner.run(SuiteRunner.java:364)
	at org.testng.SuiteRunnerWorker.runSuite(SuiteRunnerWorker.java:52)
	at org.testng.SuiteRunnerWorker.run(SuiteRunnerWorker.java:84)
	at org.testng.TestNG.runSuitesSequentially(TestNG.java:1208)
	at org.testng.TestNG.runSuitesLocally(TestNG.java:1137)
	at org.testng.TestNG.runSuites(TestNG.java:1049)
	at org.testng.TestNG.run(TestNG.java:1017)
	at org.testng.remote.AbstractRemoteTestNG.run(AbstractRemoteTestNG.java:115)
	at org.testng.remote.RemoteTestNG.initAndRun(RemoteTestNG.java:251)
	at org.testng.remote.RemoteTestNG.main(RemoteTestNG.java:77)
Caused by: org.openqa.selenium.NoSuchElementException: Can&apos;t locate an element by this strategy: By.chained({By.xpath: //android.view.View[@text=&apos;Log in to grant access to Box&apos;]})
	at io.appium.java_client.pagefactory.AppiumElementLocator.findElement(AppiumElementLocator.java:148)
	at io.appium.java_client.pagefactory.interceptors.InterceptorOfASingleElement.intercept(InterceptorOfASingleElement.java:60)
	at io.appium.java_client.android.AndroidElement$$EnhancerByCGLIB$$b598166c.isDisplayed(&lt;generated&gt;)
	at org.openqa.selenium.support.ui.ExpectedConditions.elementIfVisible(ExpectedConditions.java:315)
	at org.openqa.selenium.support.ui.ExpectedConditions.access$100(ExpectedConditions.java:44)
	at org.openqa.selenium.support.ui.ExpectedConditions$10.apply(ExpectedConditions.java:301)
	at org.openqa.selenium.support.ui.ExpectedConditions$10.apply(ExpectedConditions.java:298)
	at org.openqa.selenium.support.ui.FluentWait.until(FluentWait.java:248)
	... 27 more
Caused by: org.openqa.selenium.TimeoutException: Expected condition failed: waiting for io.appium.java_client.pagefactory.AppiumElementLocator$WaitingFunction@d71adc2 (tried for 1 second(s) with 500 milliseconds interval)
	at org.openqa.selenium.support.ui.FluentWait.timeoutException(FluentWait.java:303)
	at org.openqa.selenium.support.ui.FluentWait.until(FluentWait.java:271)
	at io.appium.java_client.pagefactory.AppiumElementLocator.waitFor(AppiumElementLocator.java:121)
	at io.appium.java_client.pagefactory.AppiumElementLocator.findElement(AppiumElementLocator.java:141)
	... 34 more
Caused by: org.openqa.selenium.NoSuchElementException: Cannot locate an element using By.chained({By.xpath: //android.view.View[@text=&apos;Log in to grant access to Box&apos;]})
For documentation on this error, please visit: http://seleniumhq.org/exceptions/no_such_element.html
Build info: version: &apos;3.11.0&apos;, revision: &apos;e59cfb3&apos;, time: &apos;2018-03-11T20:26:55.152Z&apos;
System info: host: &apos;CV011020435&apos;, ip: &apos;192.168.43.50&apos;, os.name: &apos;Windows 10&apos;, os.arch: &apos;amd64&apos;, os.version: &apos;10.0&apos;, java.version: &apos;1.8.0_231&apos;
Driver info: driver.version: AndroidDriver
	at io.appium.java_client.pagefactory.bys.builder.ByChained.findElement(ByChained.java:74)
	at org.openqa.selenium.remote.RemoteWebDriver.findElement(RemoteWebDriver.java:311)
	at io.appium.java_client.DefaultGenericMobileDriver.findElement(DefaultGenericMobileDriver.java:58)
	at io.appium.java_client.AppiumDriver.findElement(AppiumDriver.java:1)
	at io.appium.java_client.android.AndroidDriver.findElement(AndroidDriver.java:1)
	at io.appium.java_client.pagefactory.bys.ContentMappedBy.findElement(ContentMappedBy.java:50)
	at org.openqa.selenium.remote.RemoteWebDriver.findElement(RemoteWebDriver.java:311)
	at io.appium.java_client.DefaultGenericMobileDriver.findElement(DefaultGenericMobileDriver.java:58)
	at io.appium.java_client.AppiumDriver.findElement(AppiumDriver.java:1)
	at io.appium.java_client.android.AndroidDriver.findElement(AndroidDriver.java:1)
	at io.appium.java_client.pagefactory.AppiumElementLocator.lambda$0(AppiumElementLocator.java:142)
	at io.appium.java_client.pagefactory.AppiumElementLocator$WaitingFunction.apply(AppiumElementLocator.java:194)
	at io.appium.java_client.pagefactory.AppiumElementLocator$WaitingFunction.apply(AppiumElementLocator.java:1)
	at org.openqa.selenium.support.ui.FluentWait.until(FluentWait.java:248)
	... 36 more
</pre></div></td>
<td>196</td>
<td>com.infinite.netsfere.automationtool.suits.EndToENdSanity@67b92f0a</td></tr>
<tr>
<td title='com.infinite.netsfere.automationtool.suits.EndToENdSanity.androidSendAttachmentFromBox()'><b>androidSendAttachmentFromBox</b><br>Test class: com.infinite.netsfere.automationtool.suits.EndToENdSanity</td>
<td><div><pre>org.openqa.selenium.TimeoutException: Expected condition failed: waiting for visibility of Located by By.chained({By.xpath: //android.view.View[@text=&apos;Log in to grant access to Box&apos;]}) (tried for 130 second(s) with 500 milliseconds interval)
	at org.openqa.selenium.support.ui.WebDriverWait.timeoutException(WebDriverWait.java:81)
	at org.openqa.selenium.support.ui.FluentWait.until(FluentWait.java:271)
	at com.infinite.netsfere.automationtool.modules.android.test.ConversationTestCases.sendAttachmentFromBox(ConversationTestCases.java:889)
	at com.infinite.netsfere.automationtool.suits.EndToENdSanity.androidSendAttachmentFromBox(EndToENdSanity.java:508)
Caused by: org.openqa.selenium.NoSuchElementException: Can&apos;t locate an element by this strategy: By.chained({By.xpath: //android.view.View[@text=&apos;Log in to grant access to Box&apos;]})
	at io.appium.java_client.pagefactory.AppiumElementLocator.findElement(AppiumElementLocator.java:148)
	at io.appium.java_client.pagefactory.interceptors.InterceptorOfASingleElement.intercept(InterceptorOfASingleElement.java:60)
	at io.appium.java_client.android.AndroidElement$$EnhancerByCGLIB$$b598166c.isDisplayed(&lt;generated&gt;)
	at org.openqa.selenium.support.ui.ExpectedConditions.elementIfVisible(ExpectedConditions.java:315)
	at org.openqa.selenium.support.ui.ExpectedConditions.access$100(ExpectedConditions.java:44)
	at org.openqa.selenium.support.ui.ExpectedConditions$10.apply(ExpectedConditions.java:301)
	at org.openqa.selenium.support.ui.ExpectedConditions$10.apply(ExpectedConditions.java:298)
	at org.openqa.selenium.support.ui.FluentWait.until(FluentWait.java:248)
	... 27 more
Caused by: org.openqa.selenium.TimeoutException: Expected condition failed: waiting for io.appium.java_client.pagefactory.AppiumElementLocator$WaitingFunction@3c8bdd5b (tried for 1 second(s) with 500 milliseconds interval)
	at org.openqa.selenium.support.ui.FluentWait.timeoutException(FluentWait.java:303)
	at org.openqa.selenium.support.ui.FluentWait.until(FluentWait.java:271)
	at io.appium.java_client.pagefactory.AppiumElementLocator.waitFor(AppiumElementLocator.java:121)
	at io.appium.java_client.pagefactory.AppiumElementLocator.findElement(AppiumElementLocator.java:141)
	... 34 more
Caused by: org.openqa.selenium.NoSuchElementException: Cannot locate an element using By.chained({By.xpath: //android.view.View[@text=&apos;Log in to grant access to Box&apos;]})
For documentation on this error, please visit: http://seleniumhq.org/exceptions/no_such_element.html
Build info: version: &apos;3.11.0&apos;, revision: &apos;e59cfb3&apos;, time: &apos;2018-03-11T20:26:55.152Z&apos;
System info: host: &apos;CV011020435&apos;, ip: &apos;192.168.43.50&apos;, os.name: &apos;Windows 10&apos;, os.arch: &apos;amd64&apos;, os.version: &apos;10.0&apos;, java.version: &apos;1.8.0_231&apos;
Driver info: driver.version: AndroidDriver
	at io.appium.java_client.pagefactory.bys.builder.ByChained.findElement(ByChained.java:74)
	at org.openqa.selenium.remote.RemoteWebDriver.findElement(RemoteWebDriver.java:311)
	at io.appium.java_client.DefaultGenericMobileDriver.findElement(DefaultGenericMobileDriver.java:58)
	at io.appium.java_client.AppiumDriver.findElement(AppiumDriver.java:1)
	at io.appium.java_client.android.AndroidDriver.findElement(AndroidDriver.java:1)
	at io.appium.java_client.pagefactory.bys.ContentMappedBy.findElement(ContentMappedBy.java:50)
	at org.openqa.selenium.remote.RemoteWebDriver.findElement(RemoteWebDriver.java:311)
	at io.appium.java_client.DefaultGenericMobileDriver.findElement(DefaultGenericMobileDriver.java:58)
	at io.appium.java_client.AppiumDriver.findElement(AppiumDriver.java:1)
	at io.appium.java_client.android.AndroidDriver.findElement(AndroidDriver.java:1)
	at io.appium.java_client.pagefactory.AppiumElementLocator.lambda$0(AppiumElementLocator.java:142)
	at io.appium.java_client.pagefactory.AppiumElementLocator$WaitingFunction.apply(AppiumElementLocator.java:194)
	at io.appium.java_client.pagefactory.AppiumElementLocator$WaitingFunction.apply(AppiumElementLocator.java:1)
	at org.openqa.selenium.support.ui.FluentWait.until(FluentWait.java:248)
	... 36 more
... Removed 25 stack frames</pre></div><a href='#' onClick='toggleBox("stack-trace465909321", this, "Click to show all stack frames", "Click to hide stack frames")'>Click to show all stack frames</a>
<div class='stack-trace' id='stack-trace465909321'><pre>org.openqa.selenium.TimeoutException: Expected condition failed: waiting for visibility of Located by By.chained({By.xpath: //android.view.View[@text=&apos;Log in to grant access to Box&apos;]}) (tried for 130 second(s) with 500 milliseconds interval)
	at org.openqa.selenium.support.ui.WebDriverWait.timeoutException(WebDriverWait.java:81)
	at org.openqa.selenium.support.ui.FluentWait.until(FluentWait.java:271)
	at com.infinite.netsfere.automationtool.modules.android.test.ConversationTestCases.sendAttachmentFromBox(ConversationTestCases.java:889)
	at com.infinite.netsfere.automationtool.suits.EndToENdSanity.androidSendAttachmentFromBox(EndToENdSanity.java:508)
	at sun.reflect.NativeMethodAccessorImpl.invoke0(Native Method)
	at sun.reflect.NativeMethodAccessorImpl.invoke(Unknown Source)
	at sun.reflect.DelegatingMethodAccessorImpl.invoke(Unknown Source)
	at java.lang.reflect.Method.invoke(Unknown Source)
	at org.testng.internal.MethodInvocationHelper.invokeMethod(MethodInvocationHelper.java:124)
	at org.testng.internal.Invoker.invokeMethod(Invoker.java:580)
	at org.testng.internal.Invoker.invokeTestMethod(Invoker.java:716)
	at org.testng.internal.Invoker.invokeTestMethods(Invoker.java:988)
	at org.testng.internal.TestMethodWorker.invokeTestMethods(TestMethodWorker.java:125)
	at org.testng.internal.TestMethodWorker.run(TestMethodWorker.java:109)
	at org.testng.TestRunner.privateRun(TestRunner.java:648)
	at org.testng.TestRunner.run(TestRunner.java:505)
	at org.testng.SuiteRunner.runTest(SuiteRunner.java:455)
	at org.testng.SuiteRunner.runSequentially(SuiteRunner.java:450)
	at org.testng.SuiteRunner.privateRun(SuiteRunner.java:415)
	at org.testng.SuiteRunner.run(SuiteRunner.java:364)
	at org.testng.SuiteRunnerWorker.runSuite(SuiteRunnerWorker.java:52)
	at org.testng.SuiteRunnerWorker.run(SuiteRunnerWorker.java:84)
	at org.testng.TestNG.runSuitesSequentially(TestNG.java:1208)
	at org.testng.TestNG.runSuitesLocally(TestNG.java:1137)
	at org.testng.TestNG.runSuites(TestNG.java:1049)
	at org.testng.TestNG.run(TestNG.java:1017)
	at org.testng.remote.AbstractRemoteTestNG.run(AbstractRemoteTestNG.java:115)
	at org.testng.remote.RemoteTestNG.initAndRun(RemoteTestNG.java:251)
	at org.testng.remote.RemoteTestNG.main(RemoteTestNG.java:77)
Caused by: org.openqa.selenium.NoSuchElementException: Can&apos;t locate an element by this strategy: By.chained({By.xpath: //android.view.View[@text=&apos;Log in to grant access to Box&apos;]})
	at io.appium.java_client.pagefactory.AppiumElementLocator.findElement(AppiumElementLocator.java:148)
	at io.appium.java_client.pagefactory.interceptors.InterceptorOfASingleElement.intercept(InterceptorOfASingleElement.java:60)
	at io.appium.java_client.android.AndroidElement$$EnhancerByCGLIB$$b598166c.isDisplayed(&lt;generated&gt;)
	at org.openqa.selenium.support.ui.ExpectedConditions.elementIfVisible(ExpectedConditions.java:315)
	at org.openqa.selenium.support.ui.ExpectedConditions.access$100(ExpectedConditions.java:44)
	at org.openqa.selenium.support.ui.ExpectedConditions$10.apply(ExpectedConditions.java:301)
	at org.openqa.selenium.support.ui.ExpectedConditions$10.apply(ExpectedConditions.java:298)
	at org.openqa.selenium.support.ui.FluentWait.until(FluentWait.java:248)
	... 27 more
Caused by: org.openqa.selenium.TimeoutException: Expected condition failed: waiting for io.appium.java_client.pagefactory.AppiumElementLocator$WaitingFunction@3c8bdd5b (tried for 1 second(s) with 500 milliseconds interval)
	at org.openqa.selenium.support.ui.FluentWait.timeoutException(FluentWait.java:303)
	at org.openqa.selenium.support.ui.FluentWait.until(FluentWait.java:271)
	at io.appium.java_client.pagefactory.AppiumElementLocator.waitFor(AppiumElementLocator.java:121)
	at io.appium.java_client.pagefactory.AppiumElementLocator.findElement(AppiumElementLocator.java:141)
	... 34 more
Caused by: org.openqa.selenium.NoSuchElementException: Cannot locate an element using By.chained({By.xpath: //android.view.View[@text=&apos;Log in to grant access to Box&apos;]})
For documentation on this error, please visit: http://seleniumhq.org/exceptions/no_such_element.html
Build info: version: &apos;3.11.0&apos;, revision: &apos;e59cfb3&apos;, time: &apos;2018-03-11T20:26:55.152Z&apos;
System info: host: &apos;CV011020435&apos;, ip: &apos;192.168.43.50&apos;, os.name: &apos;Windows 10&apos;, os.arch: &apos;amd64&apos;, os.version: &apos;10.0&apos;, java.version: &apos;1.8.0_231&apos;
Driver info: driver.version: AndroidDriver
	at io.appium.java_client.pagefactory.bys.builder.ByChained.findElement(ByChained.java:74)
	at org.openqa.selenium.remote.RemoteWebDriver.findElement(RemoteWebDriver.java:311)
	at io.appium.java_client.DefaultGenericMobileDriver.findElement(DefaultGenericMobileDriver.java:58)
	at io.appium.java_client.AppiumDriver.findElement(AppiumDriver.java:1)
	at io.appium.java_client.android.AndroidDriver.findElement(AndroidDriver.java:1)
	at io.appium.java_client.pagefactory.bys.ContentMappedBy.findElement(ContentMappedBy.java:50)
	at org.openqa.selenium.remote.RemoteWebDriver.findElement(RemoteWebDriver.java:311)
	at io.appium.java_client.DefaultGenericMobileDriver.findElement(DefaultGenericMobileDriver.java:58)
	at io.appium.java_client.AppiumDriver.findElement(AppiumDriver.java:1)
	at io.appium.java_client.android.AndroidDriver.findElement(AndroidDriver.java:1)
	at io.appium.java_client.pagefactory.AppiumElementLocator.lambda$0(AppiumElementLocator.java:142)
	at io.appium.java_client.pagefactory.AppiumElementLocator$WaitingFunction.apply(AppiumElementLocator.java:194)
	at io.appium.java_client.pagefactory.AppiumElementLocator$WaitingFunction.apply(AppiumElementLocator.java:1)
	at org.openqa.selenium.support.ui.FluentWait.until(FluentWait.java:248)
	... 36 more
</pre></div></td>
<td>195</td>
<td>com.infinite.netsfere.automationtool.suits.EndToENdSanity@67b92f0a</td></tr>
<tr>
<td title='com.infinite.netsfere.automationtool.suits.EndToENdSanity.androidSendMessageToGuestUser()'><b>androidSendMessageToGuestUser</b><br>Test class: com.infinite.netsfere.automationtool.suits.EndToENdSanity</td>
<td><div><pre>java.lang.AssertionError: Expected condition failed: waiting for presence of element located by: By.xpath: //android.widget.TextView[@text=&apos;Guest Invite&apos; and @index=&apos;1&apos;] (tried for 12 second(s) with 500 milliseconds interval)
	at com.infinite.netsfere.automationtool.modules.android.test.ConversationTestCases.sendingMessageToWebGuestUser(ConversationTestCases.java:506)
	at com.infinite.netsfere.automationtool.suits.EndToENdSanity.androidSendMessageToGuestUser(EndToENdSanity.java:687)
Caused by: org.openqa.selenium.TimeoutException: Expected condition failed: waiting for presence of element located by: By.xpath: //android.widget.TextView[@text=&apos;Guest Invite&apos; and @index=&apos;1&apos;] (tried for 12 second(s) with 500 milliseconds interval)
	at org.openqa.selenium.support.ui.WebDriverWait.timeoutException(WebDriverWait.java:81)
	at org.openqa.selenium.support.ui.FluentWait.until(FluentWait.java:271)
	at com.infinite.netsfere.automationtool.modules.android.pages.ConversationDetailsPage.inviteGuestMessageButtonClick(ConversationDetailsPage.java:102)
	at com.infinite.netsfere.automationtool.modules.android.test.ConversationTestCases.sendingMessageToWebGuestUser(ConversationTestCases.java:504)
	... 26 more
Caused by: org.openqa.selenium.NoSuchElementException: Cannot locate an element using By.xpath: //android.widget.TextView[@text=&apos;Guest Invite&apos; and @index=&apos;1&apos;]
For documentation on this error, please visit: http://seleniumhq.org/exceptions/no_such_element.html
Build info: version: &apos;3.11.0&apos;, revision: &apos;e59cfb3&apos;, time: &apos;2018-03-11T20:26:55.152Z&apos;
System info: host: &apos;CV011020435&apos;, ip: &apos;192.168.43.50&apos;, os.name: &apos;Windows 10&apos;, os.arch: &apos;amd64&apos;, os.version: &apos;10.0&apos;, java.version: &apos;1.8.0_231&apos;
Driver info: driver.version: unknown
	at org.openqa.selenium.support.ui.ExpectedConditions.lambda$findElement$0(ExpectedConditions.java:896)
	at java.util.Optional.orElseThrow(Unknown Source)
	at org.openqa.selenium.support.ui.ExpectedConditions.findElement(ExpectedConditions.java:895)
	at org.openqa.selenium.support.ui.ExpectedConditions.access$000(ExpectedConditions.java:44)
	at org.openqa.selenium.support.ui.ExpectedConditions$6.apply(ExpectedConditions.java:183)
	at org.openqa.selenium.support.ui.ExpectedConditions$6.apply(ExpectedConditions.java:180)
	at org.openqa.selenium.support.ui.FluentWait.until(FluentWait.java:248)
	... 28 more
... Removed 26 stack frames</pre></div><a href='#' onClick='toggleBox("stack-trace1803890702", this, "Click to show all stack frames", "Click to hide stack frames")'>Click to show all stack frames</a>
<div class='stack-trace' id='stack-trace1803890702'><pre>java.lang.AssertionError: Expected condition failed: waiting for presence of element located by: By.xpath: //android.widget.TextView[@text=&apos;Guest Invite&apos; and @index=&apos;1&apos;] (tried for 12 second(s) with 500 milliseconds interval)
	at org.testng.Assert.fail(Assert.java:85)
	at com.infinite.netsfere.automationtool.modules.android.test.ConversationTestCases.sendingMessageToWebGuestUser(ConversationTestCases.java:506)
	at com.infinite.netsfere.automationtool.suits.EndToENdSanity.androidSendMessageToGuestUser(EndToENdSanity.java:687)
	at sun.reflect.NativeMethodAccessorImpl.invoke0(Native Method)
	at sun.reflect.NativeMethodAccessorImpl.invoke(Unknown Source)
	at sun.reflect.DelegatingMethodAccessorImpl.invoke(Unknown Source)
	at java.lang.reflect.Method.invoke(Unknown Source)
	at org.testng.internal.MethodInvocationHelper.invokeMethod(MethodInvocationHelper.java:124)
	at org.testng.internal.Invoker.invokeMethod(Invoker.java:580)
	at org.testng.internal.Invoker.invokeTestMethod(Invoker.java:716)
	at org.testng.internal.Invoker.invokeTestMethods(Invoker.java:988)
	at org.testng.internal.TestMethodWorker.invokeTestMethods(TestMethodWorker.java:125)
	at org.testng.internal.TestMethodWorker.run(TestMethodWorker.java:109)
	at org.testng.TestRunner.privateRun(TestRunner.java:648)
	at org.testng.TestRunner.run(TestRunner.java:505)
	at org.testng.SuiteRunner.runTest(SuiteRunner.java:455)
	at org.testng.SuiteRunner.runSequentially(SuiteRunner.java:450)
	at org.testng.SuiteRunner.privateRun(SuiteRunner.java:415)
	at org.testng.SuiteRunner.run(SuiteRunner.java:364)
	at org.testng.SuiteRunnerWorker.runSuite(SuiteRunnerWorker.java:52)
	at org.testng.SuiteRunnerWorker.run(SuiteRunnerWorker.java:84)
	at org.testng.TestNG.runSuitesSequentially(TestNG.java:1208)
	at org.testng.TestNG.runSuitesLocally(TestNG.java:1137)
	at org.testng.TestNG.runSuites(TestNG.java:1049)
	at org.testng.TestNG.run(TestNG.java:1017)
	at org.testng.remote.AbstractRemoteTestNG.run(AbstractRemoteTestNG.java:115)
	at org.testng.remote.RemoteTestNG.initAndRun(RemoteTestNG.java:251)
	at org.testng.remote.RemoteTestNG.main(RemoteTestNG.java:77)
Caused by: org.openqa.selenium.TimeoutException: Expected condition failed: waiting for presence of element located by: By.xpath: //android.widget.TextView[@text=&apos;Guest Invite&apos; and @index=&apos;1&apos;] (tried for 12 second(s) with 500 milliseconds interval)
	at org.openqa.selenium.support.ui.WebDriverWait.timeoutException(WebDriverWait.java:81)
	at org.openqa.selenium.support.ui.FluentWait.until(FluentWait.java:271)
	at com.infinite.netsfere.automationtool.modules.android.pages.ConversationDetailsPage.inviteGuestMessageButtonClick(ConversationDetailsPage.java:102)
	at com.infinite.netsfere.automationtool.modules.android.test.ConversationTestCases.sendingMessageToWebGuestUser(ConversationTestCases.java:504)
	... 26 more
Caused by: org.openqa.selenium.NoSuchElementException: Cannot locate an element using By.xpath: //android.widget.TextView[@text=&apos;Guest Invite&apos; and @index=&apos;1&apos;]
For documentation on this error, please visit: http://seleniumhq.org/exceptions/no_such_element.html
Build info: version: &apos;3.11.0&apos;, revision: &apos;e59cfb3&apos;, time: &apos;2018-03-11T20:26:55.152Z&apos;
System info: host: &apos;CV011020435&apos;, ip: &apos;192.168.43.50&apos;, os.name: &apos;Windows 10&apos;, os.arch: &apos;amd64&apos;, os.version: &apos;10.0&apos;, java.version: &apos;1.8.0_231&apos;
Driver info: driver.version: unknown
	at org.openqa.selenium.support.ui.ExpectedConditions.lambda$findElement$0(ExpectedConditions.java:896)
	at java.util.Optional.orElseThrow(Unknown Source)
	at org.openqa.selenium.support.ui.ExpectedConditions.findElement(ExpectedConditions.java:895)
	at org.openqa.selenium.support.ui.ExpectedConditions.access$000(ExpectedConditions.java:44)
	at org.openqa.selenium.support.ui.ExpectedConditions$6.apply(ExpectedConditions.java:183)
	at org.openqa.selenium.support.ui.ExpectedConditions$6.apply(ExpectedConditions.java:180)
	at org.openqa.selenium.support.ui.FluentWait.until(FluentWait.java:248)
	... 28 more
</pre></div></td>
<td>44</td>
<td>com.infinite.netsfere.automationtool.suits.EndToENdSanity@67b92f0a</td></tr>
<tr>
<td title='com.infinite.netsfere.automationtool.suits.EndToENdSanity.searchSelectConversationInAndroid()'><b>searchSelectConversationInAndroid</b><br>Test class: com.infinite.netsfere.automationtool.suits.EndToENdSanity</td>
<td><div><pre>java.lang.AssertionError: Search text box is not visible
	at com.infinite.netsfere.automationtool.modules.android.test.ConversationTestCases.searchForRandomConversationAndOpen(ConversationTestCases.java:253)
	at com.infinite.netsfere.automationtool.suits.EndToENdSanity.searchSelectConversationInAndroid(EndToENdSanity.java:370)
... Removed 26 stack frames</pre></div><a href='#' onClick='toggleBox("stack-trace917568725", this, "Click to show all stack frames", "Click to hide stack frames")'>Click to show all stack frames</a>
<div class='stack-trace' id='stack-trace917568725'><pre>java.lang.AssertionError: Search text box is not visible
	at org.testng.Assert.fail(Assert.java:96)
	at com.infinite.netsfere.automationtool.modules.android.test.ConversationTestCases.searchForRandomConversationAndOpen(ConversationTestCases.java:253)
	at com.infinite.netsfere.automationtool.suits.EndToENdSanity.searchSelectConversationInAndroid(EndToENdSanity.java:370)
	at sun.reflect.NativeMethodAccessorImpl.invoke0(Native Method)
	at sun.reflect.NativeMethodAccessorImpl.invoke(Unknown Source)
	at sun.reflect.DelegatingMethodAccessorImpl.invoke(Unknown Source)
	at java.lang.reflect.Method.invoke(Unknown Source)
	at org.testng.internal.MethodInvocationHelper.invokeMethod(MethodInvocationHelper.java:124)
	at org.testng.internal.Invoker.invokeMethod(Invoker.java:580)
	at org.testng.internal.Invoker.invokeTestMethod(Invoker.java:716)
	at org.testng.internal.Invoker.invokeTestMethods(Invoker.java:988)
	at org.testng.internal.TestMethodWorker.invokeTestMethods(TestMethodWorker.java:125)
	at org.testng.internal.TestMethodWorker.run(TestMethodWorker.java:109)
	at org.testng.TestRunner.privateRun(TestRunner.java:648)
	at org.testng.TestRunner.run(TestRunner.java:505)
	at org.testng.SuiteRunner.runTest(SuiteRunner.java:455)
	at org.testng.SuiteRunner.runSequentially(SuiteRunner.java:450)
	at org.testng.SuiteRunner.privateRun(SuiteRunner.java:415)
	at org.testng.SuiteRunner.run(SuiteRunner.java:364)
	at org.testng.SuiteRunnerWorker.runSuite(SuiteRunnerWorker.java:52)
	at org.testng.SuiteRunnerWorker.run(SuiteRunnerWorker.java:84)
	at org.testng.TestNG.runSuitesSequentially(TestNG.java:1208)
	at org.testng.TestNG.runSuitesLocally(TestNG.java:1137)
	at org.testng.TestNG.runSuites(TestNG.java:1049)
	at org.testng.TestNG.run(TestNG.java:1017)
	at org.testng.remote.AbstractRemoteTestNG.run(AbstractRemoteTestNG.java:115)
	at org.testng.remote.RemoteTestNG.initAndRun(RemoteTestNG.java:251)
	at org.testng.remote.RemoteTestNG.main(RemoteTestNG.java:77)
</pre></div></td>
<td>16</td>
<td>com.infinite.netsfere.automationtool.suits.EndToENdSanity@67b92f0a</td></tr>
<tr>
<td title='com.infinite.netsfere.automationtool.suits.EndToENdSanity.webCreateConversationWithANewGuestUser()'><b>webCreateConversationWithANewGuestUser</b><br>Test class: com.infinite.netsfere.automationtool.suits.EndToENdSanity</td>
<td><div><pre>org.openqa.selenium.NoSuchElementException: no such element: Unable to locate element: {&quot;method&quot;:&quot;xpath&quot;,&quot;selector&quot;:&quot;//div[@class=&apos;mainDiv&apos;]/div[1]//div[@class=&apos;scrollbox&apos;]/div[@class=&apos;table-view&apos;]/div[3]//span[@title=&apos;GUEST&apos;]&quot;}
  (Session info: chrome=89.0.4389.90)
  (Driver info: chromedriver=2.42.591088 (7b2b2dca23cca0862f674758c9a3933e685c27d5),platform=Windows NT 10.0.18363 x86_64) (WARNING: The server did not provide any stacktrace information)
Command duration or timeout: 0 milliseconds
For documentation on this error, please visit: http://seleniumhq.org/exceptions/no_such_element.html
Build info: version: &apos;3.11.0&apos;, revision: &apos;e59cfb3&apos;, time: &apos;2018-03-11T20:26:55.152Z&apos;
System info: host: &apos;CV011020435&apos;, ip: &apos;192.168.43.50&apos;, os.name: &apos;Windows 10&apos;, os.arch: &apos;amd64&apos;, os.version: &apos;10.0&apos;, java.version: &apos;1.8.0_231&apos;
Driver info: org.openqa.selenium.chrome.ChromeDriver
Capabilities {acceptInsecureCerts: false, acceptSslCerts: false, applicationCacheEnabled: false, browserConnectionEnabled: false, browserName: chrome, chrome: {chromedriverVersion: 2.42.591088 (7b2b2dca23cca0..., userDataDir: C:\Users\nrathyak\AppData\L...}, cssSelectorsEnabled: true, databaseEnabled: false, goog:chromeOptions: {debuggerAddress: localhost:62232}, handlesAlerts: true, hasTouchScreen: false, javascriptEnabled: true, locationContextEnabled: true, mobileEmulationEnabled: false, nativeEvents: true, networkConnectionEnabled: false, pageLoadStrategy: normal, platform: XP, platformName: XP, rotatable: false, setWindowRect: true, takesHeapSnapshot: true, takesScreenshot: true, unexpectedAlertBehaviour: , unhandledPromptBehavior: , version: 89.0.4389.90, webStorageEnabled: true}
Session ID: fb5946e913291896153caadc29191c3f
*** Element info: {Using=xpath, value=//div[@class=&apos;mainDiv&apos;]/div[1]//div[@class=&apos;scrollbox&apos;]/div[@class=&apos;table-view&apos;]/div[3]//span[@title=&apos;GUEST&apos;]}
	at org.openqa.selenium.remote.ErrorHandler.createThrowable(ErrorHandler.java:214)
	at org.openqa.selenium.remote.ErrorHandler.throwIfResponseFailed(ErrorHandler.java:166)
	at org.openqa.selenium.remote.http.JsonHttpResponseCodec.reconstructValue(JsonHttpResponseCodec.java:40)
	at org.openqa.selenium.remote.http.AbstractHttpResponseCodec.decode(AbstractHttpResponseCodec.java:80)
	at org.openqa.selenium.remote.http.AbstractHttpResponseCodec.decode(AbstractHttpResponseCodec.java:44)
	at org.openqa.selenium.remote.HttpCommandExecutor.execute(HttpCommandExecutor.java:158)
	at org.openqa.selenium.remote.service.DriverCommandExecutor.execute(DriverCommandExecutor.java:83)
	at org.openqa.selenium.remote.RemoteWebDriver.execute(RemoteWebDriver.java:545)
	at org.openqa.selenium.remote.RemoteWebDriver.findElement(RemoteWebDriver.java:319)
	at org.openqa.selenium.remote.RemoteWebDriver.findElementByXPath(RemoteWebDriver.java:421)
	at org.openqa.selenium.By$ByXPath.findElement(By.java:361)
	at org.openqa.selenium.remote.RemoteWebDriver.findElement(RemoteWebDriver.java:311)
	at org.openqa.selenium.support.pagefactory.DefaultElementLocator.findElement(DefaultElementLocator.java:69)
	at org.openqa.selenium.support.pagefactory.internal.LocatingElementHandler.invoke(LocatingElementHandler.java:38)
	at com.sun.proxy.$Proxy30.isDisplayed(Unknown Source)
	at com.infinite.netsfere.automationtool.modules.web.test.WebConversationTestCases.addGuestUserInConversation(WebConversationTestCases.java:446)
	at com.infinite.netsfere.automationtool.suits.EndToENdSanity.webCreateConversationWithANewGuestUser(EndToENdSanity.java:656)
... Removed 29 stack frames</pre></div><a href='#' onClick='toggleBox("stack-trace1964926542", this, "Click to show all stack frames", "Click to hide stack frames")'>Click to show all stack frames</a>
<div class='stack-trace' id='stack-trace1964926542'><pre>org.openqa.selenium.NoSuchElementException: no such element: Unable to locate element: {&quot;method&quot;:&quot;xpath&quot;,&quot;selector&quot;:&quot;//div[@class=&apos;mainDiv&apos;]/div[1]//div[@class=&apos;scrollbox&apos;]/div[@class=&apos;table-view&apos;]/div[3]//span[@title=&apos;GUEST&apos;]&quot;}
  (Session info: chrome=89.0.4389.90)
  (Driver info: chromedriver=2.42.591088 (7b2b2dca23cca0862f674758c9a3933e685c27d5),platform=Windows NT 10.0.18363 x86_64) (WARNING: The server did not provide any stacktrace information)
Command duration or timeout: 0 milliseconds
For documentation on this error, please visit: http://seleniumhq.org/exceptions/no_such_element.html
Build info: version: &apos;3.11.0&apos;, revision: &apos;e59cfb3&apos;, time: &apos;2018-03-11T20:26:55.152Z&apos;
System info: host: &apos;CV011020435&apos;, ip: &apos;192.168.43.50&apos;, os.name: &apos;Windows 10&apos;, os.arch: &apos;amd64&apos;, os.version: &apos;10.0&apos;, java.version: &apos;1.8.0_231&apos;
Driver info: org.openqa.selenium.chrome.ChromeDriver
Capabilities {acceptInsecureCerts: false, acceptSslCerts: false, applicationCacheEnabled: false, browserConnectionEnabled: false, browserName: chrome, chrome: {chromedriverVersion: 2.42.591088 (7b2b2dca23cca0..., userDataDir: C:\Users\nrathyak\AppData\L...}, cssSelectorsEnabled: true, databaseEnabled: false, goog:chromeOptions: {debuggerAddress: localhost:62232}, handlesAlerts: true, hasTouchScreen: false, javascriptEnabled: true, locationContextEnabled: true, mobileEmulationEnabled: false, nativeEvents: true, networkConnectionEnabled: false, pageLoadStrategy: normal, platform: XP, platformName: XP, rotatable: false, setWindowRect: true, takesHeapSnapshot: true, takesScreenshot: true, unexpectedAlertBehaviour: , unhandledPromptBehavior: , version: 89.0.4389.90, webStorageEnabled: true}
Session ID: fb5946e913291896153caadc29191c3f
*** Element info: {Using=xpath, value=//div[@class=&apos;mainDiv&apos;]/div[1]//div[@class=&apos;scrollbox&apos;]/div[@class=&apos;table-view&apos;]/div[3]//span[@title=&apos;GUEST&apos;]}
	at sun.reflect.NativeConstructorAccessorImpl.newInstance0(Native Method)
	at sun.reflect.NativeConstructorAccessorImpl.newInstance(Unknown Source)
	at sun.reflect.DelegatingConstructorAccessorImpl.newInstance(Unknown Source)
	at java.lang.reflect.Constructor.newInstance(Unknown Source)
	at org.openqa.selenium.remote.ErrorHandler.createThrowable(ErrorHandler.java:214)
	at org.openqa.selenium.remote.ErrorHandler.throwIfResponseFailed(ErrorHandler.java:166)
	at org.openqa.selenium.remote.http.JsonHttpResponseCodec.reconstructValue(JsonHttpResponseCodec.java:40)
	at org.openqa.selenium.remote.http.AbstractHttpResponseCodec.decode(AbstractHttpResponseCodec.java:80)
	at org.openqa.selenium.remote.http.AbstractHttpResponseCodec.decode(AbstractHttpResponseCodec.java:44)
	at org.openqa.selenium.remote.HttpCommandExecutor.execute(HttpCommandExecutor.java:158)
	at org.openqa.selenium.remote.service.DriverCommandExecutor.execute(DriverCommandExecutor.java:83)
	at org.openqa.selenium.remote.RemoteWebDriver.execute(RemoteWebDriver.java:545)
	at org.openqa.selenium.remote.RemoteWebDriver.findElement(RemoteWebDriver.java:319)
	at org.openqa.selenium.remote.RemoteWebDriver.findElementByXPath(RemoteWebDriver.java:421)
	at org.openqa.selenium.By$ByXPath.findElement(By.java:361)
	at org.openqa.selenium.remote.RemoteWebDriver.findElement(RemoteWebDriver.java:311)
	at org.openqa.selenium.support.pagefactory.DefaultElementLocator.findElement(DefaultElementLocator.java:69)
	at org.openqa.selenium.support.pagefactory.internal.LocatingElementHandler.invoke(LocatingElementHandler.java:38)
	at com.sun.proxy.$Proxy30.isDisplayed(Unknown Source)
	at com.infinite.netsfere.automationtool.modules.web.test.WebConversationTestCases.addGuestUserInConversation(WebConversationTestCases.java:446)
	at com.infinite.netsfere.automationtool.suits.EndToENdSanity.webCreateConversationWithANewGuestUser(EndToENdSanity.java:656)
	at sun.reflect.NativeMethodAccessorImpl.invoke0(Native Method)
	at sun.reflect.NativeMethodAccessorImpl.invoke(Unknown Source)
	at sun.reflect.DelegatingMethodAccessorImpl.invoke(Unknown Source)
	at java.lang.reflect.Method.invoke(Unknown Source)
	at org.testng.internal.MethodInvocationHelper.invokeMethod(MethodInvocationHelper.java:124)
	at org.testng.internal.Invoker.invokeMethod(Invoker.java:580)
	at org.testng.internal.Invoker.invokeTestMethod(Invoker.java:716)
	at org.testng.internal.Invoker.invokeTestMethods(Invoker.java:988)
	at org.testng.internal.TestMethodWorker.invokeTestMethods(TestMethodWorker.java:125)
	at org.testng.internal.TestMethodWorker.run(TestMethodWorker.java:109)
	at org.testng.TestRunner.privateRun(TestRunner.java:648)
	at org.testng.TestRunner.run(TestRunner.java:505)
	at org.testng.SuiteRunner.runTest(SuiteRunner.java:455)
	at org.testng.SuiteRunner.runSequentially(SuiteRunner.java:450)
	at org.testng.SuiteRunner.privateRun(SuiteRunner.java:415)
	at org.testng.SuiteRunner.run(SuiteRunner.java:364)
	at org.testng.SuiteRunnerWorker.runSuite(SuiteRunnerWorker.java:52)
	at org.testng.SuiteRunnerWorker.run(SuiteRunnerWorker.java:84)
	at org.testng.TestNG.runSuitesSequentially(TestNG.java:1208)
	at org.testng.TestNG.runSuitesLocally(TestNG.java:1137)
	at org.testng.TestNG.runSuites(TestNG.java:1049)
	at org.testng.TestNG.run(TestNG.java:1017)
	at org.testng.remote.AbstractRemoteTestNG.run(AbstractRemoteTestNG.java:115)
	at org.testng.remote.RemoteTestNG.initAndRun(RemoteTestNG.java:251)
	at org.testng.remote.RemoteTestNG.main(RemoteTestNG.java:77)
</pre></div></td>
<td>26</td>
<td>com.infinite.netsfere.automationtool.suits.EndToENdSanity@67b92f0a</td></tr>
<tr>
<td title='com.infinite.netsfere.automationtool.suits.EndToENdSanity.webExportFirstConversation()'><b>webExportFirstConversation</b><br>Test class: com.infinite.netsfere.automationtool.suits.EndToENdSanity</td>
<td><div><pre>java.lang.AssertionError: expected [false] but found [true]
	at com.infinite.netsfere.automationtool.modules.web.test.WebConversationTestCases.exportFirstConversation(WebConversationTestCases.java:401)
	at com.infinite.netsfere.automationtool.suits.EndToENdSanity.webExportFirstConversation(EndToENdSanity.java:440)
... Removed 29 stack frames</pre></div><a href='#' onClick='toggleBox("stack-trace1052768296", this, "Click to show all stack frames", "Click to hide stack frames")'>Click to show all stack frames</a>
<div class='stack-trace' id='stack-trace1052768296'><pre>java.lang.AssertionError: expected [false] but found [true]
	at org.testng.Assert.fail(Assert.java:96)
	at org.testng.Assert.failNotEquals(Assert.java:776)
	at org.testng.Assert.assertFalse(Assert.java:65)
	at org.testng.Assert.assertFalse(Assert.java:75)
	at com.infinite.netsfere.automationtool.modules.web.test.WebConversationTestCases.exportFirstConversation(WebConversationTestCases.java:401)
	at com.infinite.netsfere.automationtool.suits.EndToENdSanity.webExportFirstConversation(EndToENdSanity.java:440)
	at sun.reflect.NativeMethodAccessorImpl.invoke0(Native Method)
	at sun.reflect.NativeMethodAccessorImpl.invoke(Unknown Source)
	at sun.reflect.DelegatingMethodAccessorImpl.invoke(Unknown Source)
	at java.lang.reflect.Method.invoke(Unknown Source)
	at org.testng.internal.MethodInvocationHelper.invokeMethod(MethodInvocationHelper.java:124)
	at org.testng.internal.Invoker.invokeMethod(Invoker.java:580)
	at org.testng.internal.Invoker.invokeTestMethod(Invoker.java:716)
	at org.testng.internal.Invoker.invokeTestMethods(Invoker.java:988)
	at org.testng.internal.TestMethodWorker.invokeTestMethods(TestMethodWorker.java:125)
	at org.testng.internal.TestMethodWorker.run(TestMethodWorker.java:109)
	at org.testng.TestRunner.privateRun(TestRunner.java:648)
	at org.testng.TestRunner.run(TestRunner.java:505)
	at org.testng.SuiteRunner.runTest(SuiteRunner.java:455)
	at org.testng.SuiteRunner.runSequentially(SuiteRunner.java:450)
	at org.testng.SuiteRunner.privateRun(SuiteRunner.java:415)
	at org.testng.SuiteRunner.run(SuiteRunner.java:364)
	at org.testng.SuiteRunnerWorker.runSuite(SuiteRunnerWorker.java:52)
	at org.testng.SuiteRunnerWorker.run(SuiteRunnerWorker.java:84)
	at org.testng.TestNG.runSuitesSequentially(TestNG.java:1208)
	at org.testng.TestNG.runSuitesLocally(TestNG.java:1137)
	at org.testng.TestNG.runSuites(TestNG.java:1049)
	at org.testng.TestNG.run(TestNG.java:1017)
	at org.testng.remote.AbstractRemoteTestNG.run(AbstractRemoteTestNG.java:115)
	at org.testng.remote.RemoteTestNG.initAndRun(RemoteTestNG.java:251)
	at org.testng.remote.RemoteTestNG.main(RemoteTestNG.java:77)
</pre></div></td>
<td>35</td>
<td>com.infinite.netsfere.automationtool.suits.EndToENdSanity@67b92f0a</td></tr>
<tr>
<td title='com.infinite.netsfere.automationtool.suits.EndToENdSanity.webForwardsAMessage()'><b>webForwardsAMessage</b><br>Test class: com.infinite.netsfere.automationtool.suits.EndToENdSanity</td>
<td><div><pre>org.openqa.selenium.StaleElementReferenceException: Cached elements &apos;By.xpath: //android.widget.TextView[@resource-id=&apos;com.infinite.netsfere:id/conversation_name_text&apos; and @index=&apos;1&apos;]&apos; do not exist in DOM anymore
For documentation on this error, please visit: http://seleniumhq.org/exceptions/stale_element_reference.html
Build info: version: &apos;3.11.0&apos;, revision: &apos;e59cfb3&apos;, time: &apos;2018-03-11T20:26:55.152Z&apos;
System info: host: &apos;CV011020435&apos;, ip: &apos;192.168.43.50&apos;, os.name: &apos;Windows 10&apos;, os.arch: &apos;amd64&apos;, os.version: &apos;10.0&apos;, java.version: &apos;1.8.0_231&apos;
Driver info: io.appium.java_client.android.AndroidDriver
Capabilities {appActivity: com.infinite.netsfere.Splas..., appPackage: com.infinite.netsfere, appiumVersion: 1.11.1, automationName: uiautomator2, databaseEnabled: false, desired: {appActivity: com.infinite.netsfere.Splas..., appPackage: com.infinite.netsfere, appiumVersion: 1.11.1, automationName: uiautomator2, deviceName: f5a4c341521e, newCommandTimeout: 1800000, noReset: true, platformName: android, platformVersion: 10, resetKeyboard: true, unicodeKeyboard: true}, deviceApiLevel: 29, deviceManufacturer: Xiaomi, deviceModel: Mi A3, deviceName: f5a4c341521e, deviceScreenDensity: 320, deviceScreenSize: 720x1560, deviceUDID: f5a4c341521e, javascriptEnabled: true, locationContextEnabled: false, networkConnectionEnabled: true, newCommandTimeout: 1800000, noReset: true, pixelRatio: 2, platform: LINUX, platformName: LINUX, platformVersion: 10, resetKeyboard: true, statBarHeight: 70, takesScreenshot: true, unicodeKeyboard: true, viewportRect: {height: 1341, left: 0, top: 70, width: 720}, warnings: {}, webStorageEnabled: false}
Session ID: e295ddd0-ddf9-4e85-81b2-4dc783fb095d
	at org.openqa.selenium.remote.http.W3CHttpResponseCodec.createException(W3CHttpResponseCodec.java:187)
	at org.openqa.selenium.remote.http.W3CHttpResponseCodec.decode(W3CHttpResponseCodec.java:122)
	at org.openqa.selenium.remote.http.W3CHttpResponseCodec.decode(W3CHttpResponseCodec.java:49)
	at org.openqa.selenium.remote.HttpCommandExecutor.execute(HttpCommandExecutor.java:158)
	at io.appium.java_client.remote.AppiumCommandExecutor.execute(AppiumCommandExecutor.java:129)
	at org.openqa.selenium.remote.RemoteWebDriver.execute(RemoteWebDriver.java:545)
	at io.appium.java_client.DefaultGenericMobileDriver.execute(DefaultGenericMobileDriver.java:42)
	at io.appium.java_client.AppiumDriver.execute(AppiumDriver.java:1)
	at io.appium.java_client.android.AndroidDriver.execute(AndroidDriver.java:1)
	at org.openqa.selenium.remote.RemoteWebElement.execute(RemoteWebElement.java:279)
	at io.appium.java_client.DefaultGenericMobileElement.execute(DefaultGenericMobileElement.java:45)
	at io.appium.java_client.MobileElement.execute(MobileElement.java:1)
	at io.appium.java_client.android.AndroidElement.execute(AndroidElement.java:1)
	at org.openqa.selenium.remote.RemoteWebElement.click(RemoteWebElement.java:83)
	at com.infinite.netsfere.automationtool.modules.android.pages.ConversationsPage.clickOnFirstConversation(ConversationsPage.java:375)
	at com.infinite.netsfere.automationtool.modules.android.test.ConversationTestCases.assertFirstConversationForwardedMessage(ConversationTestCases.java:818)
	at com.infinite.netsfere.automationtool.suits.EndToENdSanity.webForwardsAMessage(EndToENdSanity.java:1555)
... Removed 29 stack frames</pre></div><a href='#' onClick='toggleBox("stack-trace1266093632", this, "Click to show all stack frames", "Click to hide stack frames")'>Click to show all stack frames</a>
<div class='stack-trace' id='stack-trace1266093632'><pre>org.openqa.selenium.StaleElementReferenceException: Cached elements &apos;By.xpath: //android.widget.TextView[@resource-id=&apos;com.infinite.netsfere:id/conversation_name_text&apos; and @index=&apos;1&apos;]&apos; do not exist in DOM anymore
For documentation on this error, please visit: http://seleniumhq.org/exceptions/stale_element_reference.html
Build info: version: &apos;3.11.0&apos;, revision: &apos;e59cfb3&apos;, time: &apos;2018-03-11T20:26:55.152Z&apos;
System info: host: &apos;CV011020435&apos;, ip: &apos;192.168.43.50&apos;, os.name: &apos;Windows 10&apos;, os.arch: &apos;amd64&apos;, os.version: &apos;10.0&apos;, java.version: &apos;1.8.0_231&apos;
Driver info: io.appium.java_client.android.AndroidDriver
Capabilities {appActivity: com.infinite.netsfere.Splas..., appPackage: com.infinite.netsfere, appiumVersion: 1.11.1, automationName: uiautomator2, databaseEnabled: false, desired: {appActivity: com.infinite.netsfere.Splas..., appPackage: com.infinite.netsfere, appiumVersion: 1.11.1, automationName: uiautomator2, deviceName: f5a4c341521e, newCommandTimeout: 1800000, noReset: true, platformName: android, platformVersion: 10, resetKeyboard: true, unicodeKeyboard: true}, deviceApiLevel: 29, deviceManufacturer: Xiaomi, deviceModel: Mi A3, deviceName: f5a4c341521e, deviceScreenDensity: 320, deviceScreenSize: 720x1560, deviceUDID: f5a4c341521e, javascriptEnabled: true, locationContextEnabled: false, networkConnectionEnabled: true, newCommandTimeout: 1800000, noReset: true, pixelRatio: 2, platform: LINUX, platformName: LINUX, platformVersion: 10, resetKeyboard: true, statBarHeight: 70, takesScreenshot: true, unicodeKeyboard: true, viewportRect: {height: 1341, left: 0, top: 70, width: 720}, warnings: {}, webStorageEnabled: false}
Session ID: e295ddd0-ddf9-4e85-81b2-4dc783fb095d
	at sun.reflect.NativeConstructorAccessorImpl.newInstance0(Native Method)
	at sun.reflect.NativeConstructorAccessorImpl.newInstance(Unknown Source)
	at sun.reflect.DelegatingConstructorAccessorImpl.newInstance(Unknown Source)
	at java.lang.reflect.Constructor.newInstance(Unknown Source)
	at org.openqa.selenium.remote.http.W3CHttpResponseCodec.createException(W3CHttpResponseCodec.java:187)
	at org.openqa.selenium.remote.http.W3CHttpResponseCodec.decode(W3CHttpResponseCodec.java:122)
	at org.openqa.selenium.remote.http.W3CHttpResponseCodec.decode(W3CHttpResponseCodec.java:49)
	at org.openqa.selenium.remote.HttpCommandExecutor.execute(HttpCommandExecutor.java:158)
	at io.appium.java_client.remote.AppiumCommandExecutor.execute(AppiumCommandExecutor.java:129)
	at org.openqa.selenium.remote.RemoteWebDriver.execute(RemoteWebDriver.java:545)
	at io.appium.java_client.DefaultGenericMobileDriver.execute(DefaultGenericMobileDriver.java:42)
	at io.appium.java_client.AppiumDriver.execute(AppiumDriver.java:1)
	at io.appium.java_client.android.AndroidDriver.execute(AndroidDriver.java:1)
	at org.openqa.selenium.remote.RemoteWebElement.execute(RemoteWebElement.java:279)
	at io.appium.java_client.DefaultGenericMobileElement.execute(DefaultGenericMobileElement.java:45)
	at io.appium.java_client.MobileElement.execute(MobileElement.java:1)
	at io.appium.java_client.android.AndroidElement.execute(AndroidElement.java:1)
	at org.openqa.selenium.remote.RemoteWebElement.click(RemoteWebElement.java:83)
	at com.infinite.netsfere.automationtool.modules.android.pages.ConversationsPage.clickOnFirstConversation(ConversationsPage.java:375)
	at com.infinite.netsfere.automationtool.modules.android.test.ConversationTestCases.assertFirstConversationForwardedMessage(ConversationTestCases.java:818)
	at com.infinite.netsfere.automationtool.suits.EndToENdSanity.webForwardsAMessage(EndToENdSanity.java:1555)
	at sun.reflect.NativeMethodAccessorImpl.invoke0(Native Method)
	at sun.reflect.NativeMethodAccessorImpl.invoke(Unknown Source)
	at sun.reflect.DelegatingMethodAccessorImpl.invoke(Unknown Source)
	at java.lang.reflect.Method.invoke(Unknown Source)
	at org.testng.internal.MethodInvocationHelper.invokeMethod(MethodInvocationHelper.java:124)
	at org.testng.internal.Invoker.invokeMethod(Invoker.java:580)
	at org.testng.internal.Invoker.invokeTestMethod(Invoker.java:716)
	at org.testng.internal.Invoker.invokeTestMethods(Invoker.java:988)
	at org.testng.internal.TestMethodWorker.invokeTestMethods(TestMethodWorker.java:125)
	at org.testng.internal.TestMethodWorker.run(TestMethodWorker.java:109)
	at org.testng.TestRunner.privateRun(TestRunner.java:648)
	at org.testng.TestRunner.run(TestRunner.java:505)
	at org.testng.SuiteRunner.runTest(SuiteRunner.java:455)
	at org.testng.SuiteRunner.runSequentially(SuiteRunner.java:450)
	at org.testng.SuiteRunner.privateRun(SuiteRunner.java:415)
	at org.testng.SuiteRunner.run(SuiteRunner.java:364)
	at org.testng.SuiteRunnerWorker.runSuite(SuiteRunnerWorker.java:52)
	at org.testng.SuiteRunnerWorker.run(SuiteRunnerWorker.java:84)
	at org.testng.TestNG.runSuitesSequentially(TestNG.java:1208)
	at org.testng.TestNG.runSuitesLocally(TestNG.java:1137)
	at org.testng.TestNG.runSuites(TestNG.java:1049)
	at org.testng.TestNG.run(TestNG.java:1017)
	at org.testng.remote.AbstractRemoteTestNG.run(AbstractRemoteTestNG.java:115)
	at org.testng.remote.RemoteTestNG.initAndRun(RemoteTestNG.java:251)
	at org.testng.remote.RemoteTestNG.main(RemoteTestNG.java:77)
</pre></div></td>
<td>53</td>
<td>com.infinite.netsfere.automationtool.suits.EndToENdSanity@67b92f0a</td></tr>
</table><p>
<table width='100%' border='1' class='invocation-passed'>
<tr><td colspan='4' align='center'><b>PASSED TESTS</b></td></tr>
<tr><td><b>Test method</b></td>
<td width="30%"><b>Exception</b></td>
<td width="10%"><b>Time (seconds)</b></td>
<td><b>Instance</b></td>
</tr>
<tr>
<td title='com.infinite.netsfere.automationtool.suits.EndToENdSanity.addParticipantInAndroid()'><b>addParticipantInAndroid</b><br>Test class: com.infinite.netsfere.automationtool.suits.EndToENdSanity</td>
<td></td>
<td>88</td>
<td>com.infinite.netsfere.automationtool.suits.EndToENdSanity@67b92f0a</td></tr>
<tr>
<td title='com.infinite.netsfere.automationtool.suits.EndToENdSanity.addParticipantInWeb()'><b>addParticipantInWeb</b><br>Test class: com.infinite.netsfere.automationtool.suits.EndToENdSanity</td>
<td></td>
<td>36</td>
<td>com.infinite.netsfere.automationtool.suits.EndToENdSanity@67b92f0a</td></tr>
<tr>
<td title='com.infinite.netsfere.automationtool.suits.EndToENdSanity.androidAddGuestUserToExistingConversation()'><b>androidAddGuestUserToExistingConversation</b><br>Test class: com.infinite.netsfere.automationtool.suits.EndToENdSanity</td>
<td></td>
<td>79</td>
<td>com.infinite.netsfere.automationtool.suits.EndToENdSanity@67b92f0a</td></tr>
<tr>
<td title='com.infinite.netsfere.automationtool.suits.EndToENdSanity.androidCanEditMeetingPointURL()'><b>androidCanEditMeetingPointURL</b><br>Test class: com.infinite.netsfere.automationtool.suits.EndToENdSanity</td>
<td></td>
<td>8</td>
<td>com.infinite.netsfere.automationtool.suits.EndToENdSanity@67b92f0a</td></tr>
<tr>
<td title='com.infinite.netsfere.automationtool.suits.EndToENdSanity.androidChangePassword()'><b>androidChangePassword</b><br>Test class: com.infinite.netsfere.automationtool.suits.EndToENdSanity</td>
<td></td>
<td>20</td>
<td>com.infinite.netsfere.automationtool.suits.EndToENdSanity@67b92f0a</td></tr>
<tr>
<td title='com.infinite.netsfere.automationtool.suits.EndToENdSanity.androidCreate1_1ConversationwithWebWithTitle()'><b>androidCreate1_1ConversationwithWebWithTitle</b><br>Test class: com.infinite.netsfere.automationtool.suits.EndToENdSanity</td>
<td></td>
<td>34</td>
<td>com.infinite.netsfere.automationtool.suits.EndToENdSanity@67b92f0a</td></tr>
<tr>
<td title='com.infinite.netsfere.automationtool.suits.EndToENdSanity.androidCreate1_1ConversationwithWebWithoutTitle()'><b>androidCreate1_1ConversationwithWebWithoutTitle</b><br>Test class: com.infinite.netsfere.automationtool.suits.EndToENdSanity</td>
<td></td>
<td>27</td>
<td>com.infinite.netsfere.automationtool.suits.EndToENdSanity@67b92f0a</td></tr>
<tr>
<td title='com.infinite.netsfere.automationtool.suits.EndToENdSanity.androidCreateConversationWithExistingGuestUser()'><b>androidCreateConversationWithExistingGuestUser</b><br>Test class: com.infinite.netsfere.automationtool.suits.EndToENdSanity</td>
<td></td>
<td>33</td>
<td>com.infinite.netsfere.automationtool.suits.EndToENdSanity@67b92f0a</td></tr>
<tr>
<td title='com.infinite.netsfere.automationtool.suits.EndToENdSanity.androidDestroyConversationAsOwner()'><b>androidDestroyConversationAsOwner</b><br>Test class: com.infinite.netsfere.automationtool.suits.EndToENdSanity</td>
<td></td>
<td>102</td>
<td>com.infinite.netsfere.automationtool.suits.EndToENdSanity@67b92f0a</td></tr>
<tr>
<td title='com.infinite.netsfere.automationtool.suits.EndToENdSanity.androidForwardMessage()'><b>androidForwardMessage</b><br>Test class: com.infinite.netsfere.automationtool.suits.EndToENdSanity</td>
<td></td>
<td>62</td>
<td>com.infinite.netsfere.automationtool.suits.EndToENdSanity@67b92f0a</td></tr>
<tr>
<td title='com.infinite.netsfere.automationtool.suits.EndToENdSanity.androidGroupConversationWithTitle()'><b>androidGroupConversationWithTitle</b><br>Test class: com.infinite.netsfere.automationtool.suits.EndToENdSanity</td>
<td></td>
<td>48</td>
<td>com.infinite.netsfere.automationtool.suits.EndToENdSanity@67b92f0a</td></tr>
<tr>
<td title='com.infinite.netsfere.automationtool.suits.EndToENdSanity.androidInlineReply()'><b>androidInlineReply</b><br>Test class: com.infinite.netsfere.automationtool.suits.EndToENdSanity</td>
<td></td>
<td>39</td>
<td>com.infinite.netsfere.automationtool.suits.EndToENdSanity@67b92f0a</td></tr>
<tr>
<td title='com.infinite.netsfere.automationtool.suits.EndToENdSanity.androidLeavesConversationAsParticipant()'><b>androidLeavesConversationAsParticipant</b><br>Test class: com.infinite.netsfere.automationtool.suits.EndToENdSanity</td>
<td></td>
<td>177</td>
<td>com.infinite.netsfere.automationtool.suits.EndToENdSanity@67b92f0a</td></tr>
<tr>
<td title='com.infinite.netsfere.automationtool.suits.EndToENdSanity.androidModifyDefaultTitle()'><b>androidModifyDefaultTitle</b><br>Test class: com.infinite.netsfere.automationtool.suits.EndToENdSanity</td>
<td></td>
<td>20</td>
<td>com.infinite.netsfere.automationtool.suits.EndToENdSanity@67b92f0a</td></tr>
<tr>
<td title='com.infinite.netsfere.automationtool.suits.EndToENdSanity.androidMuteConversation()'><b>androidMuteConversation</b><br>Test class: com.infinite.netsfere.automationtool.suits.EndToENdSanity</td>
<td></td>
<td>53</td>
<td>com.infinite.netsfere.automationtool.suits.EndToENdSanity@67b92f0a</td></tr>
<tr>
<td title='com.infinite.netsfere.automationtool.suits.EndToENdSanity.androidRemoveParticipant()'><b>androidRemoveParticipant</b><br>Test class: com.infinite.netsfere.automationtool.suits.EndToENdSanity</td>
<td></td>
<td>102</td>
<td>com.infinite.netsfere.automationtool.suits.EndToENdSanity@67b92f0a</td></tr>
<tr>
<td title='com.infinite.netsfere.automationtool.suits.EndToENdSanity.androidSendLocation()'><b>androidSendLocation</b><br>Test class: com.infinite.netsfere.automationtool.suits.EndToENdSanity</td>
<td></td>
<td>55</td>
<td>com.infinite.netsfere.automationtool.suits.EndToENdSanity@67b92f0a</td></tr>
<tr>
<td title='com.infinite.netsfere.automationtool.suits.EndToENdSanity.androidSendQuickReply()'><b>androidSendQuickReply</b><br>Test class: com.infinite.netsfere.automationtool.suits.EndToENdSanity</td>
<td></td>
<td>69</td>
<td>com.infinite.netsfere.automationtool.suits.EndToENdSanity@67b92f0a</td></tr>
<tr>
<td title='com.infinite.netsfere.automationtool.suits.EndToENdSanity.androidSendingMessageInStreamlinedConversationUsingCreateButton()'><b>androidSendingMessageInStreamlinedConversationUsingCreateButton</b><br>Test class: com.infinite.netsfere.automationtool.suits.EndToENdSanity</td>
<td></td>
<td>30</td>
<td>com.infinite.netsfere.automationtool.suits.EndToENdSanity@67b92f0a</td></tr>
<tr>
<td title='com.infinite.netsfere.automationtool.suits.EndToENdSanity.androidSendsMessage()'><b>androidSendsMessage</b><br>Test class: com.infinite.netsfere.automationtool.suits.EndToENdSanity</td>
<td></td>
<td>76</td>
<td>com.infinite.netsfere.automationtool.suits.EndToENdSanity@67b92f0a</td></tr>
<tr>
<td title='com.infinite.netsfere.automationtool.suits.EndToENdSanity.androidTransferOwnershipAndLeaveConversation()'><b>androidTransferOwnershipAndLeaveConversation</b><br>Test class: com.infinite.netsfere.automationtool.suits.EndToENdSanity</td>
<td></td>
<td>89</td>
<td>com.infinite.netsfere.automationtool.suits.EndToENdSanity@67b92f0a</td></tr>
<tr>
<td title='com.infinite.netsfere.automationtool.suits.EndToENdSanity.androidWritesToWriteableChannelAndWebReadsTheMessage()'><b>androidWritesToWriteableChannelAndWebReadsTheMessage</b><br>Test class: com.infinite.netsfere.automationtool.suits.EndToENdSanity</td>
<td></td>
<td>46</td>
<td>com.infinite.netsfere.automationtool.suits.EndToENdSanity@67b92f0a</td></tr>
<tr>
<td title='com.infinite.netsfere.automationtool.suits.EndToENdSanity.loginToAndroid()'><b>loginToAndroid</b><br>Test class: com.infinite.netsfere.automationtool.suits.EndToENdSanity</td>
<td></td>
<td>34</td>
<td>com.infinite.netsfere.automationtool.suits.EndToENdSanity@67b92f0a</td></tr>
<tr>
<td title='com.infinite.netsfere.automationtool.suits.EndToENdSanity.loginToWeb()'><b>loginToWeb</b><br>Test class: com.infinite.netsfere.automationtool.suits.EndToENdSanity</td>
<td></td>
<td>19</td>
<td>com.infinite.netsfere.automationtool.suits.EndToENdSanity@67b92f0a</td></tr>
<tr>
<td title='com.infinite.netsfere.automationtool.suits.EndToENdSanity.logoutFromAndroid()'><b>logoutFromAndroid</b><br>Test class: com.infinite.netsfere.automationtool.suits.EndToENdSanity</td>
<td></td>
<td>4</td>
<td>com.infinite.netsfere.automationtool.suits.EndToENdSanity@67b92f0a</td></tr>
<tr>
<td title='com.infinite.netsfere.automationtool.suits.EndToENdSanity.logoutFromWeb()'><b>logoutFromWeb</b><br>Test class: com.infinite.netsfere.automationtool.suits.EndToENdSanity</td>
<td></td>
<td>8</td>
<td>com.infinite.netsfere.automationtool.suits.EndToENdSanity@67b92f0a</td></tr>
<tr>
<td title='com.infinite.netsfere.automationtool.suits.EndToENdSanity.searchSelectConversationInWeb()'><b>searchSelectConversationInWeb</b><br>Test class: com.infinite.netsfere.automationtool.suits.EndToENdSanity</td>
<td></td>
<td>20</td>
<td>com.infinite.netsfere.automationtool.suits.EndToENdSanity@67b92f0a</td></tr>
<tr>
<td title='com.infinite.netsfere.automationtool.suits.EndToENdSanity.webAddGuestUserToExistingConversation()'><b>webAddGuestUserToExistingConversation</b><br>Test class: com.infinite.netsfere.automationtool.suits.EndToENdSanity</td>
<td></td>
<td>63</td>
<td>com.infinite.netsfere.automationtool.suits.EndToENdSanity@67b92f0a</td></tr>
<tr>
<td title='com.infinite.netsfere.automationtool.suits.EndToENdSanity.webCanChangeProfilePic()'><b>webCanChangeProfilePic</b><br>Test class: com.infinite.netsfere.automationtool.suits.EndToENdSanity</td>
<td></td>
<td>32</td>
<td>com.infinite.netsfere.automationtool.suits.EndToENdSanity@67b92f0a</td></tr>
<tr>
<td title='com.infinite.netsfere.automationtool.suits.EndToENdSanity.webCanEditMeetingPointURL()'><b>webCanEditMeetingPointURL</b><br>Test class: com.infinite.netsfere.automationtool.suits.EndToENdSanity</td>
<td></td>
<td>3</td>
<td>com.infinite.netsfere.automationtool.suits.EndToENdSanity@67b92f0a</td></tr>
<tr>
<td title='com.infinite.netsfere.automationtool.suits.EndToENdSanity.webChangePassword()'><b>webChangePassword</b><br>Test class: com.infinite.netsfere.automationtool.suits.EndToENdSanity</td>
<td></td>
<td>20</td>
<td>com.infinite.netsfere.automationtool.suits.EndToENdSanity@67b92f0a</td></tr>
<tr>
<td title='com.infinite.netsfere.automationtool.suits.EndToENdSanity.webCreate1_1ConversationWithAndroidWithTitle()'><b>webCreate1_1ConversationWithAndroidWithTitle</b><br>Test class: com.infinite.netsfere.automationtool.suits.EndToENdSanity</td>
<td></td>
<td>30</td>
<td>com.infinite.netsfere.automationtool.suits.EndToENdSanity@67b92f0a</td></tr>
<tr>
<td title='com.infinite.netsfere.automationtool.suits.EndToENdSanity.webCreate1_1ConversationWithAndroidWithoutTitle()'><b>webCreate1_1ConversationWithAndroidWithoutTitle</b><br>Test class: com.infinite.netsfere.automationtool.suits.EndToENdSanity</td>
<td></td>
<td>39</td>
<td>com.infinite.netsfere.automationtool.suits.EndToENdSanity@67b92f0a</td></tr>
<tr>
<td title='com.infinite.netsfere.automationtool.suits.EndToENdSanity.webCreateConversationWithExistingGuestUser()'><b>webCreateConversationWithExistingGuestUser</b><br>Test class: com.infinite.netsfere.automationtool.suits.EndToENdSanity</td>
<td></td>
<td>24</td>
<td>com.infinite.netsfere.automationtool.suits.EndToENdSanity@67b92f0a</td></tr>
<tr>
<td title='com.infinite.netsfere.automationtool.suits.EndToENdSanity.webDestroyConversationAsOwner()'><b>webDestroyConversationAsOwner</b><br>Test class: com.infinite.netsfere.automationtool.suits.EndToENdSanity</td>
<td></td>
<td>70</td>
<td>com.infinite.netsfere.automationtool.suits.EndToENdSanity@67b92f0a</td></tr>
<tr>
<td title='com.infinite.netsfere.automationtool.suits.EndToENdSanity.webForwardsAMessageToMultipleConversations()'><b>webForwardsAMessageToMultipleConversations</b><br>Test class: com.infinite.netsfere.automationtool.suits.EndToENdSanity</td>
<td></td>
<td>54</td>
<td>com.infinite.netsfere.automationtool.suits.EndToENdSanity@67b92f0a</td></tr>
<tr>
<td title='com.infinite.netsfere.automationtool.suits.EndToENdSanity.webForwardsAttachment()'><b>webForwardsAttachment</b><br>Test class: com.infinite.netsfere.automationtool.suits.EndToENdSanity</td>
<td></td>
<td>84</td>
<td>com.infinite.netsfere.automationtool.suits.EndToENdSanity@67b92f0a</td></tr>
<tr>
<td title='com.infinite.netsfere.automationtool.suits.EndToENdSanity.webGroupConversationWithTitle()'><b>webGroupConversationWithTitle</b><br>Test class: com.infinite.netsfere.automationtool.suits.EndToENdSanity</td>
<td></td>
<td>29</td>
<td>com.infinite.netsfere.automationtool.suits.EndToENdSanity@67b92f0a</td></tr>
<tr>
<td title='com.infinite.netsfere.automationtool.suits.EndToENdSanity.webInlineReply()'><b>webInlineReply</b><br>Test class: com.infinite.netsfere.automationtool.suits.EndToENdSanity</td>
<td></td>
<td>40</td>
<td>com.infinite.netsfere.automationtool.suits.EndToENdSanity@67b92f0a</td></tr>
<tr>
<td title='com.infinite.netsfere.automationtool.suits.EndToENdSanity.webLeavesConversationAsParticipant()'><b>webLeavesConversationAsParticipant</b><br>Test class: com.infinite.netsfere.automationtool.suits.EndToENdSanity</td>
<td></td>
<td>128</td>
<td>com.infinite.netsfere.automationtool.suits.EndToENdSanity@67b92f0a</td></tr>
<tr>
<td title='com.infinite.netsfere.automationtool.suits.EndToENdSanity.webModifyDefaultTitle()'><b>webModifyDefaultTitle</b><br>Test class: com.infinite.netsfere.automationtool.suits.EndToENdSanity</td>
<td></td>
<td>62</td>
<td>com.infinite.netsfere.automationtool.suits.EndToENdSanity@67b92f0a</td></tr>
<tr>
<td title='com.infinite.netsfere.automationtool.suits.EndToENdSanity.webMuteConversation()'><b>webMuteConversation</b><br>Test class: com.infinite.netsfere.automationtool.suits.EndToENdSanity</td>
<td></td>
<td>59</td>
<td>com.infinite.netsfere.automationtool.suits.EndToENdSanity@67b92f0a</td></tr>
<tr>
<td title='com.infinite.netsfere.automationtool.suits.EndToENdSanity.webRemoveParticipant()'><b>webRemoveParticipant</b><br>Test class: com.infinite.netsfere.automationtool.suits.EndToENdSanity</td>
<td></td>
<td>42</td>
<td>com.infinite.netsfere.automationtool.suits.EndToENdSanity@67b92f0a</td></tr>
<tr>
<td title='com.infinite.netsfere.automationtool.suits.EndToENdSanity.webSaveAttachmentToDevice()'><b>webSaveAttachmentToDevice</b><br>Test class: com.infinite.netsfere.automationtool.suits.EndToENdSanity</td>
<td></td>
<td>25</td>
<td>com.infinite.netsfere.automationtool.suits.EndToENdSanity@67b92f0a</td></tr>
<tr>
<td title='com.infinite.netsfere.automationtool.suits.EndToENdSanity.webSendAttachmentFromDevice()'><b>webSendAttachmentFromDevice</b><br>Test class: com.infinite.netsfere.automationtool.suits.EndToENdSanity</td>
<td></td>
<td>93</td>
<td>com.infinite.netsfere.automationtool.suits.EndToENdSanity@67b92f0a</td></tr>
<tr>
<td title='com.infinite.netsfere.automationtool.suits.EndToENdSanity.webSendMessageToGuestUser()'><b>webSendMessageToGuestUser</b><br>Test class: com.infinite.netsfere.automationtool.suits.EndToENdSanity</td>
<td></td>
<td>64</td>
<td>com.infinite.netsfere.automationtool.suits.EndToENdSanity@67b92f0a</td></tr>
<tr>
<td title='com.infinite.netsfere.automationtool.suits.EndToENdSanity.webSendQuickReply()'><b>webSendQuickReply</b><br>Test class: com.infinite.netsfere.automationtool.suits.EndToENdSanity</td>
<td></td>
<td>64</td>
<td>com.infinite.netsfere.automationtool.suits.EndToENdSanity@67b92f0a</td></tr>
<tr>
<td title='com.infinite.netsfere.automationtool.suits.EndToENdSanity.webSendingMessageInStreamlinedConversationUsingCreateButton()'><b>webSendingMessageInStreamlinedConversationUsingCreateButton</b><br>Test class: com.infinite.netsfere.automationtool.suits.EndToENdSanity</td>
<td></td>
<td>19</td>
<td>com.infinite.netsfere.automationtool.suits.EndToENdSanity@67b92f0a</td></tr>
<tr>
<td title='com.infinite.netsfere.automationtool.suits.EndToENdSanity.webSendsMessage()'><b>webSendsMessage</b><br>Test class: com.infinite.netsfere.automationtool.suits.EndToENdSanity</td>
<td></td>
<td>66</td>
<td>com.infinite.netsfere.automationtool.suits.EndToENdSanity@67b92f0a</td></tr>
<tr>
<td title='com.infinite.netsfere.automationtool.suits.EndToENdSanity.webTransferOwnershipAndLeaveConversation()'><b>webTransferOwnershipAndLeaveConversation</b><br>Test class: com.infinite.netsfere.automationtool.suits.EndToENdSanity</td>
<td></td>
<td>126</td>
<td>com.infinite.netsfere.automationtool.suits.EndToENdSanity@67b92f0a</td></tr>
<tr>
<td title='com.infinite.netsfere.automationtool.suits.EndToENdSanity.webWritesToWriteableChannelAndAndroidReadsTheMessage()'><b>webWritesToWriteableChannelAndAndroidReadsTheMessage</b><br>Test class: com.infinite.netsfere.automationtool.suits.EndToENdSanity</td>
<td></td>
<td>44</td>
<td>com.infinite.netsfere.automationtool.suits.EndToENdSanity@67b92f0a</td></tr>
</table><p>
</body>
</html>