<?xml version="1.0" encoding="UTF-8"?>
<!-- Generated by org.testng.reporters.JUnitXMLReporter -->
<testsuite hostname="CV011020435" ignored="25" name="Test" tests="60" failures="9" timestamp="31 Mar 2021 08:06:37 GMT" time="3702.978" errors="0">
  <testcase name="loginToWeb" time="19.082" classname="com.infinite.netsfere.automationtool.suits.EndToENdSanity"/>
  <testcase name="loginToAndroid" time="34.851" classname="com.infinite.netsfere.automationtool.suits.EndToENdSanity"/>
  <testcase name="webCreate1_1ConversationWithAndroidWithoutTitle" time="39.035" classname="com.infinite.netsfere.automationtool.suits.EndToENdSanity"/>
  <testcase name="androidCreate1_1ConversationwithWebWithoutTitle" time="27.848" classname="com.infinite.netsfere.automationtool.suits.EndToENdSanity"/>
  <testcase name="webModifyDefaultTitle" time="62.524" classname="com.infinite.netsfere.automationtool.suits.EndToENdSanity"/>
  <testcase name="androidModifyDefaultTitle" time="20.415" classname="com.infinite.netsfere.automationtool.suits.EndToENdSanity"/>
  <testcase name="webCreate1_1ConversationWithAndroidWithTitle" time="30.891" classname="com.infinite.netsfere.automationtool.suits.EndToENdSanity"/>
  <testcase name="androidCreate1_1ConversationwithWebWithTitle" time="34.952" classname="com.infinite.netsfere.automationtool.suits.EndToENdSanity"/>
  <testcase name="webGroupConversationWithTitle" time="29.27" classname="com.infinite.netsfere.automationtool.suits.EndToENdSanity"/>
  <testcase name="androidGroupConversationWithTitle" time="48.664" classname="com.infinite.netsfere.automationtool.suits.EndToENdSanity"/>
  <testcase name="webSendingMessageInStreamlinedConversationUsingCreateButton" time="19.463" classname="com.infinite.netsfere.automationtool.suits.EndToENdSanity"/>
  <testcase name="androidSendingMessageInStreamlinedConversationUsingCreateButton" time="30.602" classname="com.infinite.netsfere.automationtool.suits.EndToENdSanity"/>
  <testcase name="addParticipantInWeb" time="36.462" classname="com.infinite.netsfere.automationtool.suits.EndToENdSanity"/>
  <testcase name="addParticipantInAndroid" time="88.991" classname="com.infinite.netsfere.automationtool.suits.EndToENdSanity"/>
  <testcase name="webRemoveParticipant" time="42.072" classname="com.infinite.netsfere.automationtool.suits.EndToENdSanity"/>
  <testcase name="androidRemoveParticipant" time="102.938" classname="com.infinite.netsfere.automationtool.suits.EndToENdSanity"/>
  <testcase name="searchSelectConversationInWeb" time="20.898" classname="com.infinite.netsfere.automationtool.suits.EndToENdSanity"/>
  <testcase name="searchSelectConversationInAndroid" time="16.349" classname="com.infinite.netsfere.automationtool.suits.EndToENdSanity">
    <failure type="java.lang.AssertionError" message="Search text box is not visible">
      <![CDATA[java.lang.AssertionError: Search text box is not visible
at com.infinite.netsfere.automationtool.modules.android.test.ConversationTestCases.searchForRandomConversationAndOpen(ConversationTestCases.java:253)
at com.infinite.netsfere.automationtool.suits.EndToENdSanity.searchSelectConversationInAndroid(EndToENdSanity.java:370)
... Removed 26 stack frames]]>
    </failure>
  </testcase> <!-- searchSelectConversationInAndroid -->
  <testcase name="webSendQuickReply" time="64.099" classname="com.infinite.netsfere.automationtool.suits.EndToENdSanity"/>
  <testcase name="androidSendQuickReply" time="69.639" classname="com.infinite.netsfere.automationtool.suits.EndToENdSanity"/>
  <testcase name="androidSendLocation" time="55.848" classname="com.infinite.netsfere.automationtool.suits.EndToENdSanity"/>
  <testcase name="webLeavesConversationAsParticipant" time="128.277" classname="com.infinite.netsfere.automationtool.suits.EndToENdSanity"/>
  <testcase name="androidLeavesConversationAsParticipant" time="177.377" classname="com.infinite.netsfere.automationtool.suits.EndToENdSanity"/>
  <testcase name="webTransferOwnershipAndLeaveConversation" time="126.781" classname="com.infinite.netsfere.automationtool.suits.EndToENdSanity"/>
  <testcase name="androidTransferOwnershipAndLeaveConversation" time="89.08" classname="com.infinite.netsfere.automationtool.suits.EndToENdSanity"/>
  <testcase name="webDestroyConversationAsOwner" time="70.848" classname="com.infinite.netsfere.automationtool.suits.EndToENdSanity"/>
  <testcase name="androidDestroyConversationAsOwner" time="102.13" classname="com.infinite.netsfere.automationtool.suits.EndToENdSanity"/>
  <testcase name="webExportFirstConversation" time="35.619" classname="com.infinite.netsfere.automationtool.suits.EndToENdSanity">
    <failure type="java.lang.AssertionError" message="expected [false] but found [true]">
      <![CDATA[java.lang.AssertionError: expected [false] but found [true]
at com.infinite.netsfere.automationtool.modules.web.test.WebConversationTestCases.exportFirstConversation(WebConversationTestCases.java:401)
at com.infinite.netsfere.automationtool.suits.EndToENdSanity.webExportFirstConversation(EndToENdSanity.java:440)
... Removed 29 stack frames]]>
    </failure>
  </testcase> <!-- webExportFirstConversation -->
  <testcase name="androidExportFirstConversation" time="65.185" classname="com.infinite.netsfere.automationtool.suits.EndToENdSanity">
    <failure type="org.openqa.selenium.NoSuchElementException" message="Can&amp;apos;t locate an element by this strategy: By.chained({By.xpath: //android.widget.EditText[@resource-id=&amp;apos;com.infinite.netsfere:id/message_editText&amp;apos;]})">
      <![CDATA[org.openqa.selenium.NoSuchElementException: Can't locate an element by this strategy: By.chained({By.xpath: //android.widget.EditText[@resource-id='com.infinite.netsfere:id/message_editText']})
at io.appium.java_client.pagefactory.AppiumElementLocator.findElement(AppiumElementLocator.java:148)
at io.appium.java_client.pagefactory.interceptors.InterceptorOfASingleElement.intercept(InterceptorOfASingleElement.java:60)
at io.appium.java_client.android.AndroidElement$$EnhancerByCGLIB$$b598166c.sendKeys(<generated>)
at com.infinite.netsfere.automationtool.modules.android.pages.ExportConversationPage.exportEmailConversation(ExportConversationPage.java:62)
at com.infinite.netsfere.automationtool.modules.android.test.ConversationTestCases.exportFirstConversation(ConversationTestCases.java:285)
at com.infinite.netsfere.automationtool.suits.EndToENdSanity.androidExportFirstConversation(EndToENdSanity.java:446)
Caused by: org.openqa.selenium.TimeoutException: Expected condition failed: waiting for io.appium.java_client.pagefactory.AppiumElementLocator$WaitingFunction@60bdf15d (tried for 1 second(s) with 500 milliseconds interval)
at org.openqa.selenium.support.ui.FluentWait.timeoutException(FluentWait.java:303)
at org.openqa.selenium.support.ui.FluentWait.until(FluentWait.java:271)
at io.appium.java_client.pagefactory.AppiumElementLocator.waitFor(AppiumElementLocator.java:121)
at io.appium.java_client.pagefactory.AppiumElementLocator.findElement(AppiumElementLocator.java:141)
... 30 more
Caused by: org.openqa.selenium.NoSuchElementException: Cannot locate an element using By.chained({By.xpath: //android.widget.EditText[@resource-id='com.infinite.netsfere:id/message_editText']})
For documentation on this error, please visit: http://seleniumhq.org/exceptions/no_such_element.html
Build info: version: '3.11.0', revision: 'e59cfb3', time: '2018-03-11T20:26:55.152Z'
System info: host: 'CV011020435', ip: '192.168.43.50', os.name: 'Windows 10', os.arch: 'amd64', os.version: '10.0', java.version: '1.8.0_231'
Driver info: driver.version: AndroidDriver
at io.appium.java_client.pagefactory.bys.builder.ByChained.findElement(ByChained.java:74)
at org.openqa.selenium.remote.RemoteWebDriver.findElement(RemoteWebDriver.java:311)
at io.appium.java_client.DefaultGenericMobileDriver.findElement(DefaultGenericMobileDriver.java:58)
at io.appium.java_client.AppiumDriver.findElement(AppiumDriver.java:1)
at io.appium.java_client.android.AndroidDriver.findElement(AndroidDriver.java:1)
at io.appium.java_client.pagefactory.bys.ContentMappedBy.findElement(ContentMappedBy.java:50)
at org.openqa.selenium.remote.RemoteWebDriver.findElement(RemoteWebDriver.java:311)
at io.appium.java_client.DefaultGenericMobileDriver.findElement(DefaultGenericMobileDriver.java:58)
at io.appium.java_client.AppiumDriver.findElement(AppiumDriver.java:1)
at io.appium.java_client.android.AndroidDriver.findElement(AndroidDriver.java:1)
at io.appium.java_client.pagefactory.AppiumElementLocator.lambda$0(AppiumElementLocator.java:142)
at io.appium.java_client.pagefactory.AppiumElementLocator$WaitingFunction.apply(AppiumElementLocator.java:194)
at io.appium.java_client.pagefactory.AppiumElementLocator$WaitingFunction.apply(AppiumElementLocator.java:1)
at org.openqa.selenium.support.ui.FluentWait.until(FluentWait.java:248)
... 32 more
... Removed 25 stack frames]]>
    </failure>
  </testcase> <!-- androidExportFirstConversation -->
  <testcase name="webSendAttachmentFromDevice" time="93.462" classname="com.infinite.netsfere.automationtool.suits.EndToENdSanity"/>
  <testcase name="webSaveAttachmentToDevice" time="25.504" classname="com.infinite.netsfere.automationtool.suits.EndToENdSanity"/>
  <testcase name="webSendsMessage" time="66.976" classname="com.infinite.netsfere.automationtool.suits.EndToENdSanity"/>
  <testcase name="androidSendsMessage" time="76.676" classname="com.infinite.netsfere.automationtool.suits.EndToENdSanity"/>
  <testcase name="webMuteConversation" time="59.195" classname="com.infinite.netsfere.automationtool.suits.EndToENdSanity"/>
  <testcase name="androidMuteConversation" time="53.181" classname="com.infinite.netsfere.automationtool.suits.EndToENdSanity"/>
  <testcase name="androidSendAttachmentFromBox" time="195.998" classname="com.infinite.netsfere.automationtool.suits.EndToENdSanity">
    <failure type="org.openqa.selenium.TimeoutException" message="Expected condition failed: waiting for visibility of Located by By.chained({By.xpath: //android.view.View[@text=&amp;apos;Log in to grant access to Box&amp;apos;]}) (tried for 130 second(s) with 500 milliseconds interval)">
      <![CDATA[org.openqa.selenium.TimeoutException: Expected condition failed: waiting for visibility of Located by By.chained({By.xpath: //android.view.View[@text='Log in to grant access to Box']}) (tried for 130 second(s) with 500 milliseconds interval)
at org.openqa.selenium.support.ui.WebDriverWait.timeoutException(WebDriverWait.java:81)
at org.openqa.selenium.support.ui.FluentWait.until(FluentWait.java:271)
at com.infinite.netsfere.automationtool.modules.android.test.ConversationTestCases.sendAttachmentFromBox(ConversationTestCases.java:889)
at com.infinite.netsfere.automationtool.suits.EndToENdSanity.androidSendAttachmentFromBox(EndToENdSanity.java:508)
Caused by: org.openqa.selenium.NoSuchElementException: Can't locate an element by this strategy: By.chained({By.xpath: //android.view.View[@text='Log in to grant access to Box']})
at io.appium.java_client.pagefactory.AppiumElementLocator.findElement(AppiumElementLocator.java:148)
at io.appium.java_client.pagefactory.interceptors.InterceptorOfASingleElement.intercept(InterceptorOfASingleElement.java:60)
at io.appium.java_client.android.AndroidElement$$EnhancerByCGLIB$$b598166c.isDisplayed(<generated>)
at org.openqa.selenium.support.ui.ExpectedConditions.elementIfVisible(ExpectedConditions.java:315)
at org.openqa.selenium.support.ui.ExpectedConditions.access$100(ExpectedConditions.java:44)
at org.openqa.selenium.support.ui.ExpectedConditions$10.apply(ExpectedConditions.java:301)
at org.openqa.selenium.support.ui.ExpectedConditions$10.apply(ExpectedConditions.java:298)
at org.openqa.selenium.support.ui.FluentWait.until(FluentWait.java:248)
... 27 more
Caused by: org.openqa.selenium.TimeoutException: Expected condition failed: waiting for io.appium.java_client.pagefactory.AppiumElementLocator$WaitingFunction@3c8bdd5b (tried for 1 second(s) with 500 milliseconds interval)
at org.openqa.selenium.support.ui.FluentWait.timeoutException(FluentWait.java:303)
at org.openqa.selenium.support.ui.FluentWait.until(FluentWait.java:271)
at io.appium.java_client.pagefactory.AppiumElementLocator.waitFor(AppiumElementLocator.java:121)
at io.appium.java_client.pagefactory.AppiumElementLocator.findElement(AppiumElementLocator.java:141)
... 34 more
Caused by: org.openqa.selenium.NoSuchElementException: Cannot locate an element using By.chained({By.xpath: //android.view.View[@text='Log in to grant access to Box']})
For documentation on this error, please visit: http://seleniumhq.org/exceptions/no_such_element.html
Build info: version: '3.11.0', revision: 'e59cfb3', time: '2018-03-11T20:26:55.152Z'
System info: host: 'CV011020435', ip: '192.168.43.50', os.name: 'Windows 10', os.arch: 'amd64', os.version: '10.0', java.version: '1.8.0_231'
Driver info: driver.version: AndroidDriver
at io.appium.java_client.pagefactory.bys.builder.ByChained.findElement(ByChained.java:74)
at org.openqa.selenium.remote.RemoteWebDriver.findElement(RemoteWebDriver.java:311)
at io.appium.java_client.DefaultGenericMobileDriver.findElement(DefaultGenericMobileDriver.java:58)
at io.appium.java_client.AppiumDriver.findElement(AppiumDriver.java:1)
at io.appium.java_client.android.AndroidDriver.findElement(AndroidDriver.java:1)
at io.appium.java_client.pagefactory.bys.ContentMappedBy.findElement(ContentMappedBy.java:50)
at org.openqa.selenium.remote.RemoteWebDriver.findElement(RemoteWebDriver.java:311)
at io.appium.java_client.DefaultGenericMobileDriver.findElement(DefaultGenericMobileDriver.java:58)
at io.appium.java_client.AppiumDriver.findElement(AppiumDriver.java:1)
at io.appium.java_client.android.AndroidDriver.findElement(AndroidDriver.java:1)
at io.appium.java_client.pagefactory.AppiumElementLocator.lambda$0(AppiumElementLocator.java:142)
at io.appium.java_client.pagefactory.AppiumElementLocator$WaitingFunction.apply(AppiumElementLocator.java:194)
at io.appium.java_client.pagefactory.AppiumElementLocator$WaitingFunction.apply(AppiumElementLocator.java:1)
at org.openqa.selenium.support.ui.FluentWait.until(FluentWait.java:248)
... 36 more
... Removed 25 stack frames]]>
    </failure>
  </testcase> <!-- androidSendAttachmentFromBox -->
  <testcase name="webCreateConversationWithANewGuestUser" time="26.821" classname="com.infinite.netsfere.automationtool.suits.EndToENdSanity">
    <failure type="org.openqa.selenium.NoSuchElementException" message="no such element: Unable to locate element: {&amp;quot;method&amp;quot;:&amp;quot;xpath&amp;quot;,&amp;quot;selector&amp;quot;:&amp;quot;//div[@class=&amp;apos;mainDiv&amp;apos;]/div[1]//div[@class=&amp;apos;scrollbox&amp;apos;]/div[@class=&amp;apos;table-view&amp;apos;]/div[3]//span[@title=&amp;apos;GUEST&amp;apos;]&amp;quot;}
  (Session info: chrome=89.0.4389.90)
  (Driver info: chromedriver=2.42.591088 (7b2b2dca23cca0862f674758c9a3933e685c27d5),platform=Windows NT 10.0.18363 x86_64) (WARNING: The server did not provide any stacktrace information)
Command duration or timeout: 0 milliseconds
For documentation on this error, please visit: http://seleniumhq.org/exceptions/no_such_element.html
Build info: version: &amp;apos;3.11.0&amp;apos;, revision: &amp;apos;e59cfb3&amp;apos;, time: &amp;apos;2018-03-11T20:26:55.152Z&amp;apos;
System info: host: &amp;apos;CV011020435&amp;apos;, ip: &amp;apos;192.168.43.50&amp;apos;, os.name: &amp;apos;Windows 10&amp;apos;, os.arch: &amp;apos;amd64&amp;apos;, os.version: &amp;apos;10.0&amp;apos;, java.version: &amp;apos;1.8.0_231&amp;apos;
Driver info: org.openqa.selenium.chrome.ChromeDriver
Capabilities {acceptInsecureCerts: false, acceptSslCerts: false, applicationCacheEnabled: false, browserConnectionEnabled: false, browserName: chrome, chrome: {chromedriverVersion: 2.42.591088 (7b2b2dca23cca0..., userDataDir: C:\Users\nrathyak\AppData\L...}, cssSelectorsEnabled: true, databaseEnabled: false, goog:chromeOptions: {debuggerAddress: localhost:62232}, handlesAlerts: true, hasTouchScreen: false, javascriptEnabled: true, locationContextEnabled: true, mobileEmulationEnabled: false, nativeEvents: true, networkConnectionEnabled: false, pageLoadStrategy: normal, platform: XP, platformName: XP, rotatable: false, setWindowRect: true, takesHeapSnapshot: true, takesScreenshot: true, unexpectedAlertBehaviour: , unhandledPromptBehavior: , version: 89.0.4389.90, webStorageEnabled: true}
Session ID: fb5946e913291896153caadc29191c3f
*** Element info: {Using=xpath, value=//div[@class=&amp;apos;mainDiv&amp;apos;]/div[1]//div[@class=&amp;apos;scrollbox&amp;apos;]/div[@class=&amp;apos;table-view&amp;apos;]/div[3]//span[@title=&amp;apos;GUEST&amp;apos;]}">
      <![CDATA[org.openqa.selenium.NoSuchElementException: no such element: Unable to locate element: {"method":"xpath","selector":"//div[@class='mainDiv']/div[1]//div[@class='scrollbox']/div[@class='table-view']/div[3]//span[@title='GUEST']"}
  (Session info: chrome=89.0.4389.90)
  (Driver info: chromedriver=2.42.591088 (7b2b2dca23cca0862f674758c9a3933e685c27d5),platform=Windows NT 10.0.18363 x86_64) (WARNING: The server did not provide any stacktrace information)
Command duration or timeout: 0 milliseconds
For documentation on this error, please visit: http://seleniumhq.org/exceptions/no_such_element.html
Build info: version: '3.11.0', revision: 'e59cfb3', time: '2018-03-11T20:26:55.152Z'
System info: host: 'CV011020435', ip: '192.168.43.50', os.name: 'Windows 10', os.arch: 'amd64', os.version: '10.0', java.version: '1.8.0_231'
Driver info: org.openqa.selenium.chrome.ChromeDriver
Capabilities {acceptInsecureCerts: false, acceptSslCerts: false, applicationCacheEnabled: false, browserConnectionEnabled: false, browserName: chrome, chrome: {chromedriverVersion: 2.42.591088 (7b2b2dca23cca0..., userDataDir: C:\Users\nrathyak\AppData\L...}, cssSelectorsEnabled: true, databaseEnabled: false, goog:chromeOptions: {debuggerAddress: localhost:62232}, handlesAlerts: true, hasTouchScreen: false, javascriptEnabled: true, locationContextEnabled: true, mobileEmulationEnabled: false, nativeEvents: true, networkConnectionEnabled: false, pageLoadStrategy: normal, platform: XP, platformName: XP, rotatable: false, setWindowRect: true, takesHeapSnapshot: true, takesScreenshot: true, unexpectedAlertBehaviour: , unhandledPromptBehavior: , version: 89.0.4389.90, webStorageEnabled: true}
Session ID: fb5946e913291896153caadc29191c3f
*** Element info: {Using=xpath, value=//div[@class='mainDiv']/div[1]//div[@class='scrollbox']/div[@class='table-view']/div[3]//span[@title='GUEST']}
at org.openqa.selenium.remote.ErrorHandler.createThrowable(ErrorHandler.java:214)
at org.openqa.selenium.remote.ErrorHandler.throwIfResponseFailed(ErrorHandler.java:166)
at org.openqa.selenium.remote.http.JsonHttpResponseCodec.reconstructValue(JsonHttpResponseCodec.java:40)
at org.openqa.selenium.remote.http.AbstractHttpResponseCodec.decode(AbstractHttpResponseCodec.java:80)
at org.openqa.selenium.remote.http.AbstractHttpResponseCodec.decode(AbstractHttpResponseCodec.java:44)
at org.openqa.selenium.remote.HttpCommandExecutor.execute(HttpCommandExecutor.java:158)
at org.openqa.selenium.remote.service.DriverCommandExecutor.execute(DriverCommandExecutor.java:83)
at org.openqa.selenium.remote.RemoteWebDriver.execute(RemoteWebDriver.java:545)
at org.openqa.selenium.remote.RemoteWebDriver.findElement(RemoteWebDriver.java:319)
at org.openqa.selenium.remote.RemoteWebDriver.findElementByXPath(RemoteWebDriver.java:421)
at org.openqa.selenium.By$ByXPath.findElement(By.java:361)
at org.openqa.selenium.remote.RemoteWebDriver.findElement(RemoteWebDriver.java:311)
at org.openqa.selenium.support.pagefactory.DefaultElementLocator.findElement(DefaultElementLocator.java:69)
at org.openqa.selenium.support.pagefactory.internal.LocatingElementHandler.invoke(LocatingElementHandler.java:38)
at com.sun.proxy.$Proxy30.isDisplayed(Unknown Source)
at com.infinite.netsfere.automationtool.modules.web.test.WebConversationTestCases.addGuestUserInConversation(WebConversationTestCases.java:446)
at com.infinite.netsfere.automationtool.suits.EndToENdSanity.webCreateConversationWithANewGuestUser(EndToENdSanity.java:656)
... Removed 29 stack frames]]>
    </failure>
  </testcase> <!-- webCreateConversationWithANewGuestUser -->
  <testcase name="androidCreateConversationWithANewGuestUser" time="28.011" classname="com.infinite.netsfere.automationtool.suits.EndToENdSanity">
    <failure type="java.lang.AssertionError" message="Can&amp;apos;t locate an element by this strategy: By.chained({By.xpath: //android.widget.TextView[@resource-id=&amp;apos;com.infinite.netsfere:id/action_create&amp;apos;]})">
      <![CDATA[java.lang.AssertionError: Can't locate an element by this strategy: By.chained({By.xpath: //android.widget.TextView[@resource-id='com.infinite.netsfere:id/action_create']})
at com.infinite.netsfere.automationtool.modules.android.test.ConversationTestCases.createConversationWithANewGuestUser(ConversationTestCases.java:486)
at com.infinite.netsfere.automationtool.suits.EndToENdSanity.androidCreateConversationWithANewGuestUser(EndToENdSanity.java:663)
Caused by: org.openqa.selenium.NoSuchElementException: Can't locate an element by this strategy: By.chained({By.xpath: //android.widget.TextView[@resource-id='com.infinite.netsfere:id/action_create']})
at io.appium.java_client.pagefactory.AppiumElementLocator.findElement(AppiumElementLocator.java:148)
at io.appium.java_client.pagefactory.interceptors.InterceptorOfASingleElement.intercept(InterceptorOfASingleElement.java:60)
at io.appium.java_client.android.AndroidElement$$EnhancerByCGLIB$$b598166c.click(<generated>)
at com.infinite.netsfere.automationtool.modules.android.pages.ConversationDetailsPage.clickOnCreateButton(ConversationDetailsPage.java:86)
at com.infinite.netsfere.automationtool.modules.android.test.ConversationTestCases.createConversationWithANewGuestUser(ConversationTestCases.java:483)
... 26 more
Caused by: org.openqa.selenium.TimeoutException: Expected condition failed: waiting for io.appium.java_client.pagefactory.AppiumElementLocator$WaitingFunction@10b3df93 (tried for 1 second(s) with 500 milliseconds interval)
at org.openqa.selenium.support.ui.FluentWait.timeoutException(FluentWait.java:303)
at org.openqa.selenium.support.ui.FluentWait.until(FluentWait.java:271)
at io.appium.java_client.pagefactory.AppiumElementLocator.waitFor(AppiumElementLocator.java:121)
at io.appium.java_client.pagefactory.AppiumElementLocator.findElement(AppiumElementLocator.java:141)
... 30 more
Caused by: org.openqa.selenium.NoSuchElementException: Cannot locate an element using By.chained({By.xpath: //android.widget.TextView[@resource-id='com.infinite.netsfere:id/action_create']})
For documentation on this error, please visit: http://seleniumhq.org/exceptions/no_such_element.html
Build info: version: '3.11.0', revision: 'e59cfb3', time: '2018-03-11T20:26:55.152Z'
System info: host: 'CV011020435', ip: '192.168.43.50', os.name: 'Windows 10', os.arch: 'amd64', os.version: '10.0', java.version: '1.8.0_231'
Driver info: driver.version: AndroidDriver
at io.appium.java_client.pagefactory.bys.builder.ByChained.findElement(ByChained.java:74)
at org.openqa.selenium.remote.RemoteWebDriver.findElement(RemoteWebDriver.java:311)
at io.appium.java_client.DefaultGenericMobileDriver.findElement(DefaultGenericMobileDriver.java:58)
at io.appium.java_client.AppiumDriver.findElement(AppiumDriver.java:1)
at io.appium.java_client.android.AndroidDriver.findElement(AndroidDriver.java:1)
at io.appium.java_client.pagefactory.bys.ContentMappedBy.findElement(ContentMappedBy.java:50)
at org.openqa.selenium.remote.RemoteWebDriver.findElement(RemoteWebDriver.java:311)
at io.appium.java_client.DefaultGenericMobileDriver.findElement(DefaultGenericMobileDriver.java:58)
at io.appium.java_client.AppiumDriver.findElement(AppiumDriver.java:1)
at io.appium.java_client.android.AndroidDriver.findElement(AndroidDriver.java:1)
at io.appium.java_client.pagefactory.AppiumElementLocator.lambda$0(AppiumElementLocator.java:142)
at io.appium.java_client.pagefactory.AppiumElementLocator$WaitingFunction.apply(AppiumElementLocator.java:194)
at io.appium.java_client.pagefactory.AppiumElementLocator$WaitingFunction.apply(AppiumElementLocator.java:1)
at org.openqa.selenium.support.ui.FluentWait.until(FluentWait.java:248)
... 32 more
... Removed 26 stack frames]]>
    </failure>
  </testcase> <!-- androidCreateConversationWithANewGuestUser -->
  <testcase name="webCreateConversationWithExistingGuestUser" time="24.583" classname="com.infinite.netsfere.automationtool.suits.EndToENdSanity"/>
  <testcase name="androidCreateConversationWithExistingGuestUser" time="33.635" classname="com.infinite.netsfere.automationtool.suits.EndToENdSanity"/>
  <testcase name="webSendMessageToGuestUser" time="64.672" classname="com.infinite.netsfere.automationtool.suits.EndToENdSanity"/>
  <testcase name="androidSendMessageToGuestUser" time="44.16" classname="com.infinite.netsfere.automationtool.suits.EndToENdSanity">
    <failure type="java.lang.AssertionError" message="Expected condition failed: waiting for presence of element located by: By.xpath: //android.widget.TextView[@text=&amp;apos;Guest Invite&amp;apos; and @index=&amp;apos;1&amp;apos;] (tried for 12 second(s) with 500 milliseconds interval)">
      <![CDATA[java.lang.AssertionError: Expected condition failed: waiting for presence of element located by: By.xpath: //android.widget.TextView[@text='Guest Invite' and @index='1'] (tried for 12 second(s) with 500 milliseconds interval)
at com.infinite.netsfere.automationtool.modules.android.test.ConversationTestCases.sendingMessageToWebGuestUser(ConversationTestCases.java:506)
at com.infinite.netsfere.automationtool.suits.EndToENdSanity.androidSendMessageToGuestUser(EndToENdSanity.java:687)
Caused by: org.openqa.selenium.TimeoutException: Expected condition failed: waiting for presence of element located by: By.xpath: //android.widget.TextView[@text='Guest Invite' and @index='1'] (tried for 12 second(s) with 500 milliseconds interval)
at org.openqa.selenium.support.ui.WebDriverWait.timeoutException(WebDriverWait.java:81)
at org.openqa.selenium.support.ui.FluentWait.until(FluentWait.java:271)
at com.infinite.netsfere.automationtool.modules.android.pages.ConversationDetailsPage.inviteGuestMessageButtonClick(ConversationDetailsPage.java:102)
at com.infinite.netsfere.automationtool.modules.android.test.ConversationTestCases.sendingMessageToWebGuestUser(ConversationTestCases.java:504)
... 26 more
Caused by: org.openqa.selenium.NoSuchElementException: Cannot locate an element using By.xpath: //android.widget.TextView[@text='Guest Invite' and @index='1']
For documentation on this error, please visit: http://seleniumhq.org/exceptions/no_such_element.html
Build info: version: '3.11.0', revision: 'e59cfb3', time: '2018-03-11T20:26:55.152Z'
System info: host: 'CV011020435', ip: '192.168.43.50', os.name: 'Windows 10', os.arch: 'amd64', os.version: '10.0', java.version: '1.8.0_231'
Driver info: driver.version: unknown
at org.openqa.selenium.support.ui.ExpectedConditions.lambda$findElement$0(ExpectedConditions.java:896)
at java.util.Optional.orElseThrow(Unknown Source)
at org.openqa.selenium.support.ui.ExpectedConditions.findElement(ExpectedConditions.java:895)
at org.openqa.selenium.support.ui.ExpectedConditions.access$000(ExpectedConditions.java:44)
at org.openqa.selenium.support.ui.ExpectedConditions$6.apply(ExpectedConditions.java:183)
at org.openqa.selenium.support.ui.ExpectedConditions$6.apply(ExpectedConditions.java:180)
at org.openqa.selenium.support.ui.FluentWait.until(FluentWait.java:248)
... 28 more
... Removed 26 stack frames]]>
    </failure>
  </testcase> <!-- androidSendMessageToGuestUser -->
  <testcase name="webAddGuestUserToExistingConversation" time="63.872" classname="com.infinite.netsfere.automationtool.suits.EndToENdSanity"/>
  <testcase name="androidAddGuestUserToExistingConversation" time="79.005" classname="com.infinite.netsfere.automationtool.suits.EndToENdSanity"/>
  <testcase name="webWritesToWriteableChannelAndAndroidReadsTheMessage" time="44.28" classname="com.infinite.netsfere.automationtool.suits.EndToENdSanity"/>
  <testcase name="androidWritesToWriteableChannelAndWebReadsTheMessage" time="46.182" classname="com.infinite.netsfere.automationtool.suits.EndToENdSanity"/>
  <testcase name="webChangePassword" time="20.702" classname="com.infinite.netsfere.automationtool.suits.EndToENdSanity"/>
  <testcase name="androidChangePassword" time="20.447" classname="com.infinite.netsfere.automationtool.suits.EndToENdSanity"/>
  <testcase name="androidCanEditMeetingPointURL" time="8.353" classname="com.infinite.netsfere.automationtool.suits.EndToENdSanity"/>
  <testcase name="webCanEditMeetingPointURL" time="3.032" classname="com.infinite.netsfere.automationtool.suits.EndToENdSanity"/>
  <testcase name="webCanChangeProfilePic" time="32.557" classname="com.infinite.netsfere.automationtool.suits.EndToENdSanity"/>
  <testcase name="webForwardsAMessage" time="53.23" classname="com.infinite.netsfere.automationtool.suits.EndToENdSanity">
    <failure type="org.openqa.selenium.StaleElementReferenceException" message="Cached elements &amp;apos;By.xpath: //android.widget.TextView[@resource-id=&amp;apos;com.infinite.netsfere:id/conversation_name_text&amp;apos; and @index=&amp;apos;1&amp;apos;]&amp;apos; do not exist in DOM anymore
For documentation on this error, please visit: http://seleniumhq.org/exceptions/stale_element_reference.html
Build info: version: &amp;apos;3.11.0&amp;apos;, revision: &amp;apos;e59cfb3&amp;apos;, time: &amp;apos;2018-03-11T20:26:55.152Z&amp;apos;
System info: host: &amp;apos;CV011020435&amp;apos;, ip: &amp;apos;192.168.43.50&amp;apos;, os.name: &amp;apos;Windows 10&amp;apos;, os.arch: &amp;apos;amd64&amp;apos;, os.version: &amp;apos;10.0&amp;apos;, java.version: &amp;apos;1.8.0_231&amp;apos;
Driver info: io.appium.java_client.android.AndroidDriver
Capabilities {appActivity: com.infinite.netsfere.Splas..., appPackage: com.infinite.netsfere, appiumVersion: 1.11.1, automationName: uiautomator2, databaseEnabled: false, desired: {appActivity: com.infinite.netsfere.Splas..., appPackage: com.infinite.netsfere, appiumVersion: 1.11.1, automationName: uiautomator2, deviceName: f5a4c341521e, newCommandTimeout: 1800000, noReset: true, platformName: android, platformVersion: 10, resetKeyboard: true, unicodeKeyboard: true}, deviceApiLevel: 29, deviceManufacturer: Xiaomi, deviceModel: Mi A3, deviceName: f5a4c341521e, deviceScreenDensity: 320, deviceScreenSize: 720x1560, deviceUDID: f5a4c341521e, javascriptEnabled: true, locationContextEnabled: false, networkConnectionEnabled: true, newCommandTimeout: 1800000, noReset: true, pixelRatio: 2, platform: LINUX, platformName: LINUX, platformVersion: 10, resetKeyboard: true, statBarHeight: 70, takesScreenshot: true, unicodeKeyboard: true, viewportRect: {height: 1341, left: 0, top: 70, width: 720}, warnings: {}, webStorageEnabled: false}
Session ID: e295ddd0-ddf9-4e85-81b2-4dc783fb095d">
      <![CDATA[org.openqa.selenium.StaleElementReferenceException: Cached elements 'By.xpath: //android.widget.TextView[@resource-id='com.infinite.netsfere:id/conversation_name_text' and @index='1']' do not exist in DOM anymore
For documentation on this error, please visit: http://seleniumhq.org/exceptions/stale_element_reference.html
Build info: version: '3.11.0', revision: 'e59cfb3', time: '2018-03-11T20:26:55.152Z'
System info: host: 'CV011020435', ip: '192.168.43.50', os.name: 'Windows 10', os.arch: 'amd64', os.version: '10.0', java.version: '1.8.0_231'
Driver info: io.appium.java_client.android.AndroidDriver
Capabilities {appActivity: com.infinite.netsfere.Splas..., appPackage: com.infinite.netsfere, appiumVersion: 1.11.1, automationName: uiautomator2, databaseEnabled: false, desired: {appActivity: com.infinite.netsfere.Splas..., appPackage: com.infinite.netsfere, appiumVersion: 1.11.1, automationName: uiautomator2, deviceName: f5a4c341521e, newCommandTimeout: 1800000, noReset: true, platformName: android, platformVersion: 10, resetKeyboard: true, unicodeKeyboard: true}, deviceApiLevel: 29, deviceManufacturer: Xiaomi, deviceModel: Mi A3, deviceName: f5a4c341521e, deviceScreenDensity: 320, deviceScreenSize: 720x1560, deviceUDID: f5a4c341521e, javascriptEnabled: true, locationContextEnabled: false, networkConnectionEnabled: true, newCommandTimeout: 1800000, noReset: true, pixelRatio: 2, platform: LINUX, platformName: LINUX, platformVersion: 10, resetKeyboard: true, statBarHeight: 70, takesScreenshot: true, unicodeKeyboard: true, viewportRect: {height: 1341, left: 0, top: 70, width: 720}, warnings: {}, webStorageEnabled: false}
Session ID: e295ddd0-ddf9-4e85-81b2-4dc783fb095d
at org.openqa.selenium.remote.http.W3CHttpResponseCodec.createException(W3CHttpResponseCodec.java:187)
at org.openqa.selenium.remote.http.W3CHttpResponseCodec.decode(W3CHttpResponseCodec.java:122)
at org.openqa.selenium.remote.http.W3CHttpResponseCodec.decode(W3CHttpResponseCodec.java:49)
at org.openqa.selenium.remote.HttpCommandExecutor.execute(HttpCommandExecutor.java:158)
at io.appium.java_client.remote.AppiumCommandExecutor.execute(AppiumCommandExecutor.java:129)
at org.openqa.selenium.remote.RemoteWebDriver.execute(RemoteWebDriver.java:545)
at io.appium.java_client.DefaultGenericMobileDriver.execute(DefaultGenericMobileDriver.java:42)
at io.appium.java_client.AppiumDriver.execute(AppiumDriver.java:1)
at io.appium.java_client.android.AndroidDriver.execute(AndroidDriver.java:1)
at org.openqa.selenium.remote.RemoteWebElement.execute(RemoteWebElement.java:279)
at io.appium.java_client.DefaultGenericMobileElement.execute(DefaultGenericMobileElement.java:45)
at io.appium.java_client.MobileElement.execute(MobileElement.java:1)
at io.appium.java_client.android.AndroidElement.execute(AndroidElement.java:1)
at org.openqa.selenium.remote.RemoteWebElement.click(RemoteWebElement.java:83)
at com.infinite.netsfere.automationtool.modules.android.pages.ConversationsPage.clickOnFirstConversation(ConversationsPage.java:375)
at com.infinite.netsfere.automationtool.modules.android.test.ConversationTestCases.assertFirstConversationForwardedMessage(ConversationTestCases.java:818)
at com.infinite.netsfere.automationtool.suits.EndToENdSanity.webForwardsAMessage(EndToENdSanity.java:1555)
... Removed 29 stack frames]]>
    </failure>
  </testcase> <!-- webForwardsAMessage -->
  <testcase name="webForwardsAttachment" time="84.612" classname="com.infinite.netsfere.automationtool.suits.EndToENdSanity"/>
  <testcase name="androidForwardMessage" time="62.256" classname="com.infinite.netsfere.automationtool.suits.EndToENdSanity"/>
  <testcase name="webForwardsAMessageToMultipleConversations" time="54.879" classname="com.infinite.netsfere.automationtool.suits.EndToENdSanity"/>
  <testcase name="androidForwardAttachment" time="196.386" classname="com.infinite.netsfere.automationtool.suits.EndToENdSanity">
    <failure type="org.openqa.selenium.TimeoutException" message="Expected condition failed: waiting for visibility of Located by By.chained({By.xpath: //android.view.View[@text=&amp;apos;Log in to grant access to Box&amp;apos;]}) (tried for 130 second(s) with 500 milliseconds interval)">
      <![CDATA[org.openqa.selenium.TimeoutException: Expected condition failed: waiting for visibility of Located by By.chained({By.xpath: //android.view.View[@text='Log in to grant access to Box']}) (tried for 130 second(s) with 500 milliseconds interval)
at org.openqa.selenium.support.ui.WebDriverWait.timeoutException(WebDriverWait.java:81)
at org.openqa.selenium.support.ui.FluentWait.until(FluentWait.java:271)
at com.infinite.netsfere.automationtool.modules.android.test.ConversationTestCases.sendAttachmentFromBox(ConversationTestCases.java:889)
at com.infinite.netsfere.automationtool.suits.EndToENdSanity.androidForwardAttachment(EndToENdSanity.java:1577)
Caused by: org.openqa.selenium.NoSuchElementException: Can't locate an element by this strategy: By.chained({By.xpath: //android.view.View[@text='Log in to grant access to Box']})
at io.appium.java_client.pagefactory.AppiumElementLocator.findElement(AppiumElementLocator.java:148)
at io.appium.java_client.pagefactory.interceptors.InterceptorOfASingleElement.intercept(InterceptorOfASingleElement.java:60)
at io.appium.java_client.android.AndroidElement$$EnhancerByCGLIB$$b598166c.isDisplayed(<generated>)
at org.openqa.selenium.support.ui.ExpectedConditions.elementIfVisible(ExpectedConditions.java:315)
at org.openqa.selenium.support.ui.ExpectedConditions.access$100(ExpectedConditions.java:44)
at org.openqa.selenium.support.ui.ExpectedConditions$10.apply(ExpectedConditions.java:301)
at org.openqa.selenium.support.ui.ExpectedConditions$10.apply(ExpectedConditions.java:298)
at org.openqa.selenium.support.ui.FluentWait.until(FluentWait.java:248)
... 27 more
Caused by: org.openqa.selenium.TimeoutException: Expected condition failed: waiting for io.appium.java_client.pagefactory.AppiumElementLocator$WaitingFunction@d71adc2 (tried for 1 second(s) with 500 milliseconds interval)
at org.openqa.selenium.support.ui.FluentWait.timeoutException(FluentWait.java:303)
at org.openqa.selenium.support.ui.FluentWait.until(FluentWait.java:271)
at io.appium.java_client.pagefactory.AppiumElementLocator.waitFor(AppiumElementLocator.java:121)
at io.appium.java_client.pagefactory.AppiumElementLocator.findElement(AppiumElementLocator.java:141)
... 34 more
Caused by: org.openqa.selenium.NoSuchElementException: Cannot locate an element using By.chained({By.xpath: //android.view.View[@text='Log in to grant access to Box']})
For documentation on this error, please visit: http://seleniumhq.org/exceptions/no_such_element.html
Build info: version: '3.11.0', revision: 'e59cfb3', time: '2018-03-11T20:26:55.152Z'
System info: host: 'CV011020435', ip: '192.168.43.50', os.name: 'Windows 10', os.arch: 'amd64', os.version: '10.0', java.version: '1.8.0_231'
Driver info: driver.version: AndroidDriver
at io.appium.java_client.pagefactory.bys.builder.ByChained.findElement(ByChained.java:74)
at org.openqa.selenium.remote.RemoteWebDriver.findElement(RemoteWebDriver.java:311)
at io.appium.java_client.DefaultGenericMobileDriver.findElement(DefaultGenericMobileDriver.java:58)
at io.appium.java_client.AppiumDriver.findElement(AppiumDriver.java:1)
at io.appium.java_client.android.AndroidDriver.findElement(AndroidDriver.java:1)
at io.appium.java_client.pagefactory.bys.ContentMappedBy.findElement(ContentMappedBy.java:50)
at org.openqa.selenium.remote.RemoteWebDriver.findElement(RemoteWebDriver.java:311)
at io.appium.java_client.DefaultGenericMobileDriver.findElement(DefaultGenericMobileDriver.java:58)
at io.appium.java_client.AppiumDriver.findElement(AppiumDriver.java:1)
at io.appium.java_client.android.AndroidDriver.findElement(AndroidDriver.java:1)
at io.appium.java_client.pagefactory.AppiumElementLocator.lambda$0(AppiumElementLocator.java:142)
at io.appium.java_client.pagefactory.AppiumElementLocator$WaitingFunction.apply(AppiumElementLocator.java:194)
at io.appium.java_client.pagefactory.AppiumElementLocator$WaitingFunction.apply(AppiumElementLocator.java:1)
at org.openqa.selenium.support.ui.FluentWait.until(FluentWait.java:248)
... 36 more
... Removed 25 stack frames]]>
    </failure>
  </testcase> <!-- androidForwardAttachment -->
  <testcase name="androidInlineReply" time="39.077" classname="com.infinite.netsfere.automationtool.suits.EndToENdSanity"/>
  <testcase name="webInlineReply" time="40.435" classname="com.infinite.netsfere.automationtool.suits.EndToENdSanity"/>
  <testcase name="logoutFromWeb" time="8.701" classname="com.infinite.netsfere.automationtool.suits.EndToENdSanity"/>
  <testcase name="logoutFromAndroid" time="4.972" classname="com.infinite.netsfere.automationtool.suits.EndToENdSanity"/>
  <testcase name="androidUnableToResetPassword" time="0.0" classname="com.infinite.netsfere.automationtool.suits.EndToENdSanity">
    <ignored/>
  </testcase> <!-- androidUnableToResetPassword -->
  <testcase name="loginToWebWithInvalidPassword" time="0.0" classname="com.infinite.netsfere.automationtool.suits.EndToENdSanity">
    <ignored/>
  </testcase> <!-- loginToWebWithInvalidPassword -->
  <testcase name="loginToWebWIthInvalidUserId" time="0.0" classname="com.infinite.netsfere.automationtool.suits.EndToENdSanity">
    <ignored/>
  </testcase> <!-- loginToWebWIthInvalidUserId -->
  <testcase name="loginToAndroidWithInvalidPassword" time="0.0" classname="com.infinite.netsfere.automationtool.suits.EndToENdSanity">
    <ignored/>
  </testcase> <!-- loginToAndroidWithInvalidPassword -->
  <testcase name="androidInitiatesCallFromContactsAndWebDeclines" time="0.0" classname="com.infinite.netsfere.automationtool.suits.EndToENdSanity">
    <ignored/>
  </testcase> <!-- androidInitiatesCallFromContactsAndWebDeclines -->
  <testcase name="initiateVideoCallFromWeb" time="0.0" classname="com.infinite.netsfere.automationtool.suits.EndToENdSanity">
    <ignored/>
  </testcase> <!-- initiateVideoCallFromWeb -->
  <testcase name="webConversationCleanUp" time="0.0" classname="com.infinite.netsfere.automationtool.suits.EndToENdSanity">
    <ignored/>
  </testcase> <!-- webConversationCleanUp -->
  <testcase name="androidClickOnHelpButton" time="0.0" classname="com.infinite.netsfere.automationtool.suits.EndToENdSanity">
    <ignored/>
  </testcase> <!-- androidClickOnHelpButton -->
  <testcase name="cancelResetPasswordWeb" time="0.0" classname="com.infinite.netsfere.automationtool.suits.EndToENdSanity">
    <ignored/>
  </testcase> <!-- cancelResetPasswordWeb -->
  <testcase name="initiateOneToOneVideoCallFromAndroid" time="0.0" classname="com.infinite.netsfere.automationtool.suits.EndToENdSanity">
    <ignored/>
  </testcase> <!-- initiateOneToOneVideoCallFromAndroid -->
  <testcase name="unableToResetPassword" time="0.0" classname="com.infinite.netsfere.automationtool.suits.EndToENdSanity">
    <ignored/>
  </testcase> <!-- unableToResetPassword -->
  <testcase name="initiateOneToOneVideoCallFromWeb" time="0.0" classname="com.infinite.netsfere.automationtool.suits.EndToENdSanity">
    <ignored/>
  </testcase> <!-- initiateOneToOneVideoCallFromWeb -->
  <testcase name="androidInitiateNewCallFromCallLogPage" time="0.0" classname="com.infinite.netsfere.automationtool.suits.EndToENdSanity">
    <ignored/>
  </testcase> <!-- androidInitiateNewCallFromCallLogPage -->
  <testcase name="webCreateAccountThroughSignUp" time="0.0" classname="com.infinite.netsfere.automationtool.suits.EndToENdSanity">
    <ignored/>
  </testcase> <!-- webCreateAccountThroughSignUp -->
  <testcase name="androidInitiatesOneToOneCallFromConversationAndWebAccepts" time="0.0" classname="com.infinite.netsfere.automationtool.suits.EndToENdSanity">
    <ignored/>
  </testcase> <!-- androidInitiatesOneToOneCallFromConversationAndWebAccepts -->
  <testcase name="androidClickOnVersionInfoButton" time="0.0" classname="com.infinite.netsfere.automationtool.suits.EndToENdSanity">
    <ignored/>
  </testcase> <!-- androidClickOnVersionInfoButton -->
  <testcase name="webSendsMessageDuringCall" time="0.0" classname="com.infinite.netsfere.automationtool.suits.EndToENdSanity">
    <ignored/>
  </testcase> <!-- webSendsMessageDuringCall -->
  <testcase name="androidClickTermsOfServicesAndPrivacyPolicyButton" time="0.0" classname="com.infinite.netsfere.automationtool.suits.EndToENdSanity">
    <ignored/>
  </testcase> <!-- androidClickTermsOfServicesAndPrivacyPolicyButton -->
  <testcase name="webInitiateNewCallFromCallLogPage" time="0.0" classname="com.infinite.netsfere.automationtool.suits.EndToENdSanity">
    <ignored/>
  </testcase> <!-- webInitiateNewCallFromCallLogPage -->
  <testcase name="initiateVideoCallFromAndroid" time="0.0" classname="com.infinite.netsfere.automationtool.suits.EndToENdSanity">
    <ignored/>
  </testcase> <!-- initiateVideoCallFromAndroid -->
  <testcase name="androidResetPassword" time="0.0" classname="com.infinite.netsfere.automationtool.suits.EndToENdSanity">
    <ignored/>
  </testcase> <!-- androidResetPassword -->
  <testcase name="createQuickPollFromAndroidAndParticipantsVote" time="0.0" classname="com.infinite.netsfere.automationtool.suits.EndToENdSanity">
    <ignored/>
  </testcase> <!-- createQuickPollFromAndroidAndParticipantsVote -->
  <testcase name="createQuickPollFromWebAndParticipantsVote" time="0.0" classname="com.infinite.netsfere.automationtool.suits.EndToENdSanity">
    <ignored/>
  </testcase> <!-- createQuickPollFromWebAndParticipantsVote -->
  <testcase name="webInitiatesCallFromContactsAndAndroidRejects" time="0.0" classname="com.infinite.netsfere.automationtool.suits.EndToENdSanity">
    <ignored/>
  </testcase> <!-- webInitiatesCallFromContactsAndAndroidRejects -->
  <testcase name="webInitiatesOneToOneCallFromConversationAndAndroidAccepts" time="0.0" classname="com.infinite.netsfere.automationtool.suits.EndToENdSanity">
    <ignored/>
  </testcase> <!-- webInitiatesOneToOneCallFromConversationAndAndroidAccepts -->
</testsuite> <!-- Test -->
